<?xml version="1.0" encoding="UTF-8"?>
<testng-results ignored="0" total="1" passed="0" failed="0" skipped="1">
  <reporter-output>
  </reporter-output>
  <suite started-at="2025-06-24T14:53:19 IST" name="Default suite" finished-at="2025-06-24T14:53:19 IST" duration-ms="365">
    <groups>
    </groups>
    <test started-at="2025-06-24T14:53:19 IST" name="Default test" finished-at="2025-06-24T14:53:19 IST" duration-ms="365">
      <class name="tests.Urltest">
        <test-method is-config="true" signature="launchurl()[pri:0, instance:tests.Urltest@75db5df9]" started-at="2025-06-24T14:53:19 IST" name="launchurl" finished-at="2025-06-24T14:53:19 IST" duration-ms="208" status="FAIL">
          <exception class="java.lang.StackOverflowError">
            <full-stacktrace>
              <![CDATA[java.lang.StackOverflowError
at java.base/jdk.internal.reflect.Reflection.verifyMemberAccess(Reflection.java:150)
at java.base/java.lang.reflect.AccessibleObject.slowVerifyAccess(AccessibleObject.java:750)
at java.base/java.lang.reflect.AccessibleObject.verifyAccess(AccessibleObject.java:736)
at java.base/java.lang.reflect.AccessibleObject.checkAccess(AccessibleObject.java:708)
at java.base/java.lang.reflect.Constructor.newInstanceWithCaller(Constructor.java:494)
at java.base/java.lang.reflect.Constructor.newInstance(Constructor.java:485)
at org.openqa.selenium.support.pagefactory.Annotations.buildBy(Annotations.java:76)
at org.openqa.selenium.support.pagefactory.DefaultElementLocator.<init>(DefaultElementLocator.java:58)
at org.openqa.selenium.support.pagefactory.DefaultElementLocator.<init>(DefaultElementLocator.java:46)
at org.openqa.selenium.support.pagefactory.DefaultElementLocatorFactory.createLocator(DefaultElementLocatorFactory.java:32)
at org.openqa.selenium.support.pagefactory.DefaultFieldDecorator.decorate(DefaultFieldDecorator.java:55)
at org.openqa.selenium.support.PageFactory.proxyFields(PageFactory.java:109)
at org.openqa.selenium.support.PageFactory.initElements(PageFactory.java:101)
at org.openqa.selenium.support.PageFactory.initElements(PageFactory.java:88)
at org.openqa.selenium.support.PageFactory.initElements(PageFactory.java:76)
at pages.Loginpage.<init>(Loginpage.java:13)
at tests.Urltest.launchurl(Urltest.java:15)
at tests.Urltest.launchurl(Urltest.java:16)
at tests.Urltest.launchurl(Urltest.java:16)
at tests.Urltest.launchurl(Urltest.java:16)
at tests.Urltest.launchurl(Urltest.java:16)
at tests.Urltest.launchurl(Urltest.java:16)
at tests.Urltest.launchurl(Urltest.java:16)
at tests.Urltest.launchurl(Urltest.java:16)
at tests.Urltest.launchurl(Urltest.java:16)
at tests.Urltest.launchurl(Urltest.java:16)
at tests.Urltest.launchurl(Urltest.java:16)
at tests.Urltest.launchurl(Urltest.java:16)
at tests.Urltest.launchurl(Urltest.java:16)
at tests.Urltest.launchurl(Urltest.java:16)
at tests.Urltest.launchurl(Urltest.java:16)
at tests.Urltest.launchurl(Urltest.java:16)
at tests.Urltest.launchurl(Urltest.java:16)
at tests.Urltest.launchurl(Urltest.java:16)
at tests.Urltest.launchurl(Urltest.java:16)
at tests.Urltest.launchurl(Urltest.java:16)
at tests.Urltest.launchurl(Urltest.java:16)
at tests.Urltest.launchurl(Urltest.java:16)
at tests.Urltest.launchurl(Urltest.java:16)
at tests.Urltest.launchurl(Urltest.java:16)
at tests.Urltest.launchurl(Urltest.java:16)
at tests.Urltest.launchurl(Urltest.java:16)
at tests.Urltest.launchurl(Urltest.java:16)
at tests.Urltest.launchurl(Urltest.java:16)
at tests.Urltest.launchurl(Urltest.java:16)
at tests.Urltest.launchurl(Urltest.java:16)
at tests.Urltest.launchurl(Urltest.java:16)
at tests.Urltest.launchurl(Urltest.java:16)
at tests.Urltest.launchurl(Urltest.java:16)
at tests.Urltest.launchurl(Urltest.java:16)
at tests.Urltest.launchurl(Urltest.java:16)
at tests.Urltest.launchurl(Urltest.java:16)
at tests.Urltest.launchurl(Urltest.java:16)
at tests.Urltest.launchurl(Urltest.java:16)
at tests.Urltest.launchurl(Urltest.java:16)
at tests.Urltest.launchurl(Urltest.java:16)
at tests.Urltest.launchurl(Urltest.java:16)
at tests.Urltest.launchurl(Urltest.java:16)
at tests.Urltest.launchurl(Urltest.java:16)
at tests.Urltest.launchurl(Urltest.java:16)
at tests.Urltest.launchurl(Urltest.java:16)
at tests.Urltest.launchurl(Urltest.java:16)
at tests.Urltest.launchurl(Urltest.java:16)
at tests.Urltest.launchurl(Urltest.java:16)
at tests.Urltest.launchurl(Urltest.java:16)
at tests.Urltest.launchurl(Urltest.java:16)
at tests.Urltest.launchurl(Urltest.java:16)
at tests.Urltest.launchurl(Urltest.java:16)
at tests.Urltest.launchurl(Urltest.java:16)
at tests.Urltest.launchurl(Urltest.java:16)
at tests.Urltest.launchurl(Urltest.java:16)
at tests.Urltest.launchurl(Urltest.java:16)
at tests.Urltest.launchurl(Urltest.java:16)
at tests.Urltest.launchurl(Urltest.java:16)
at tests.Urltest.launchurl(Urltest.java:16)
at tests.Urltest.launchurl(Urltest.java:16)
at tests.Urltest.launchurl(Urltest.java:16)
at tests.Urltest.launchurl(Urltest.java:16)
at tests.Urltest.launchurl(Urltest.java:16)
at tests.Urltest.launchurl(Urltest.java:16)
at tests.Urltest.launchurl(Urltest.java:16)
at tests.Urltest.launchurl(Urltest.java:16)
at tests.Urltest.launchurl(Urltest.java:16)
at tests.Urltest.launchurl(Urltest.java:16)
at tests.Urltest.launchurl(Urltest.java:16)
at tests.Urltest.launchurl(Urltest.java:16)
at tests.Urltest.launchurl(Urltest.java:16)
at tests.Urltest.launchurl(Urltest.java:16)
at tests.Urltest.launchurl(Urltest.java:16)
at tests.Urltest.launchurl(Urltest.java:16)
at tests.Urltest.launchurl(Urltest.java:16)
at tests.Urltest.launchurl(Urltest.java:16)
at tests.Urltest.launchurl(Urltest.java:16)
at tests.Urltest.launchurl(Urltest.java:16)
at tests.Urltest.launchurl(Urltest.java:16)
at tests.Urltest.launchurl(Urltest.java:16)
at tests.Urltest.launchurl(Urltest.java:16)
at tests.Urltest.launchurl(Urltest.java:16)
at tests.Urltest.launchurl(Urltest.java:16)
at tests.Urltest.launchurl(Urltest.java:16)
at tests.Urltest.launchurl(Urltest.java:16)
at tests.Urltest.launchurl(Urltest.java:16)
at tests.Urltest.launchurl(Urltest.java:16)
at tests.Urltest.launchurl(Urltest.java:16)
at tests.Urltest.launchurl(Urltest.java:16)
at tests.Urltest.launchurl(Urltest.java:16)
at tests.Urltest.launchurl(Urltest.java:16)
at tests.Urltest.launchurl(Urltest.java:16)
at tests.Urltest.launchurl(Urltest.java:16)
at tests.Urltest.launchurl(Urltest.java:16)
at tests.Urltest.launchurl(Urltest.java:16)
at tests.Urltest.launchurl(Urltest.java:16)
at tests.Urltest.launchurl(Urltest.java:16)
at tests.Urltest.launchurl(Urltest.java:16)
at tests.Urltest.launchurl(Urltest.java:16)
at tests.Urltest.launchurl(Urltest.java:16)
at tests.Urltest.launchurl(Urltest.java:16)
at tests.Urltest.launchurl(Urltest.java:16)
at tests.Urltest.launchurl(Urltest.java:16)
at tests.Urltest.launchurl(Urltest.java:16)
at tests.Urltest.launchurl(Urltest.java:16)
at tests.Urltest.launchurl(Urltest.java:16)
at tests.Urltest.launchurl(Urltest.java:16)
at tests.Urltest.launchurl(Urltest.java:16)
at tests.Urltest.launchurl(Urltest.java:16)
at tests.Urltest.launchurl(Urltest.java:16)
at tests.Urltest.launchurl(Urltest.java:16)
at tests.Urltest.launchurl(Urltest.java:16)
at tests.Urltest.launchurl(Urltest.java:16)
at tests.Urltest.launchurl(Urltest.java:16)
at tests.Urltest.launchurl(Urltest.java:16)
at tests.Urltest.launchurl(Urltest.java:16)
at tests.Urltest.launchurl(Urltest.java:16)
at tests.Urltest.launchurl(Urltest.java:16)
at tests.Urltest.launchurl(Urltest.java:16)
at tests.Urltest.launchurl(Urltest.java:16)
at tests.Urltest.launchurl(Urltest.java:16)
at tests.Urltest.launchurl(Urltest.java:16)
at tests.Urltest.launchurl(Urltest.java:16)
at tests.Urltest.launchurl(Urltest.java:16)
at tests.Urltest.launchurl(Urltest.java:16)
at tests.Urltest.launchurl(Urltest.java:16)
at tests.Urltest.launchurl(Urltest.java:16)
at tests.Urltest.launchurl(Urltest.java:16)
at tests.Urltest.launchurl(Urltest.java:16)
at tests.Urltest.launchurl(Urltest.java:16)
at tests.Urltest.launchurl(Urltest.java:16)
at tests.Urltest.launchurl(Urltest.java:16)
at tests.Urltest.launchurl(Urltest.java:16)
at tests.Urltest.launchurl(Urltest.java:16)
at tests.Urltest.launchurl(Urltest.java:16)
at tests.Urltest.launchurl(Urltest.java:16)
at tests.Urltest.launchurl(Urltest.java:16)
at tests.Urltest.launchurl(Urltest.java:16)
at tests.Urltest.launchurl(Urltest.java:16)
at tests.Urltest.launchurl(Urltest.java:16)
at tests.Urltest.launchurl(Urltest.java:16)
at tests.Urltest.launchurl(Urltest.java:16)
at tests.Urltest.launchurl(Urltest.java:16)
at tests.Urltest.launchurl(Urltest.java:16)
at tests.Urltest.launchurl(Urltest.java:16)
at tests.Urltest.launchurl(Urltest.java:16)
at tests.Urltest.launchurl(Urltest.java:16)
at tests.Urltest.launchurl(Urltest.java:16)
at tests.Urltest.launchurl(Urltest.java:16)
at tests.Urltest.launchurl(Urltest.java:16)
at tests.Urltest.launchurl(Urltest.java:16)
at tests.Urltest.launchurl(Urltest.java:16)
at tests.Urltest.launchurl(Urltest.java:16)
at tests.Urltest.launchurl(Urltest.java:16)
at tests.Urltest.launchurl(Urltest.java:16)
at tests.Urltest.launchurl(Urltest.java:16)
at tests.Urltest.launchurl(Urltest.java:16)
at tests.Urltest.launchurl(Urltest.java:16)
at tests.Urltest.launchurl(Urltest.java:16)
at tests.Urltest.launchurl(Urltest.java:16)
at tests.Urltest.launchurl(Urltest.java:16)
at tests.Urltest.launchurl(Urltest.java:16)
at tests.Urltest.launchurl(Urltest.java:16)
at tests.Urltest.launchurl(Urltest.java:16)
at tests.Urltest.launchurl(Urltest.java:16)
at tests.Urltest.launchurl(Urltest.java:16)
at tests.Urltest.launchurl(Urltest.java:16)
at tests.Urltest.launchurl(Urltest.java:16)
at tests.Urltest.launchurl(Urltest.java:16)
at tests.Urltest.launchurl(Urltest.java:16)
at tests.Urltest.launchurl(Urltest.java:16)
at tests.Urltest.launchurl(Urltest.java:16)
at tests.Urltest.launchurl(Urltest.java:16)
at tests.Urltest.launchurl(Urltest.java:16)
at tests.Urltest.launchurl(Urltest.java:16)
at tests.Urltest.launchurl(Urltest.java:16)
at tests.Urltest.launchurl(Urltest.java:16)
at tests.Urltest.launchurl(Urltest.java:16)
at tests.Urltest.launchurl(Urltest.java:16)
at tests.Urltest.launchurl(Urltest.java:16)
at tests.Urltest.launchurl(Urltest.java:16)
at tests.Urltest.launchurl(Urltest.java:16)
at tests.Urltest.launchurl(Urltest.java:16)
at tests.Urltest.launchurl(Urltest.java:16)
at tests.Urltest.launchurl(Urltest.java:16)
at tests.Urltest.launchurl(Urltest.java:16)
at tests.Urltest.launchurl(Urltest.java:16)
at tests.Urltest.launchurl(Urltest.java:16)
at tests.Urltest.launchurl(Urltest.java:16)
at tests.Urltest.launchurl(Urltest.java:16)
at tests.Urltest.launchurl(Urltest.java:16)
at tests.Urltest.launchurl(Urltest.java:16)
at tests.Urltest.launchurl(Urltest.java:16)
at tests.Urltest.launchurl(Urltest.java:16)
at tests.Urltest.launchurl(Urltest.java:16)
at tests.Urltest.launchurl(Urltest.java:16)
at tests.Urltest.launchurl(Urltest.java:16)
at tests.Urltest.launchurl(Urltest.java:16)
at tests.Urltest.launchurl(Urltest.java:16)
at tests.Urltest.launchurl(Urltest.java:16)
at tests.Urltest.launchurl(Urltest.java:16)
at tests.Urltest.launchurl(Urltest.java:16)
at tests.Urltest.launchurl(Urltest.java:16)
at tests.Urltest.launchurl(Urltest.java:16)
at tests.Urltest.launchurl(Urltest.java:16)
at tests.Urltest.launchurl(Urltest.java:16)
at tests.Urltest.launchurl(Urltest.java:16)
at tests.Urltest.launchurl(Urltest.java:16)
at tests.Urltest.launchurl(Urltest.java:16)
at tests.Urltest.launchurl(Urltest.java:16)
at tests.Urltest.launchurl(Urltest.java:16)
at tests.Urltest.launchurl(Urltest.java:16)
at tests.Urltest.launchurl(Urltest.java:16)
at tests.Urltest.launchurl(Urltest.java:16)
at tests.Urltest.launchurl(Urltest.java:16)
at tests.Urltest.launchurl(Urltest.java:16)
at tests.Urltest.launchurl(Urltest.java:16)
at tests.Urltest.launchurl(Urltest.java:16)
at tests.Urltest.launchurl(Urltest.java:16)
at tests.Urltest.launchurl(Urltest.java:16)
at tests.Urltest.launchurl(Urltest.java:16)
at tests.Urltest.launchurl(Urltest.java:16)
at tests.Urltest.launchurl(Urltest.java:16)
at tests.Urltest.launchurl(Urltest.java:16)
at tests.Urltest.launchurl(Urltest.java:16)
at tests.Urltest.launchurl(Urltest.java:16)
at tests.Urltest.launchurl(Urltest.java:16)
at tests.Urltest.launchurl(Urltest.java:16)
at tests.Urltest.launchurl(Urltest.java:16)
at tests.Urltest.launchurl(Urltest.java:16)
at tests.Urltest.launchurl(Urltest.java:16)
at tests.Urltest.launchurl(Urltest.java:16)
at tests.Urltest.launchurl(Urltest.java:16)
at tests.Urltest.launchurl(Urltest.java:16)
at tests.Urltest.launchurl(Urltest.java:16)
at tests.Urltest.launchurl(Urltest.java:16)
at tests.Urltest.launchurl(Urltest.java:16)
at tests.Urltest.launchurl(Urltest.java:16)
at tests.Urltest.launchurl(Urltest.java:16)
at tests.Urltest.launchurl(Urltest.java:16)
at tests.Urltest.launchurl(Urltest.java:16)
at tests.Urltest.launchurl(Urltest.java:16)
at tests.Urltest.launchurl(Urltest.java:16)
at tests.Urltest.launchurl(Urltest.java:16)
at tests.Urltest.launchurl(Urltest.java:16)
at tests.Urltest.launchurl(Urltest.java:16)
at tests.Urltest.launchurl(Urltest.java:16)
at tests.Urltest.launchurl(Urltest.java:16)
at tests.Urltest.launchurl(Urltest.java:16)
at tests.Urltest.launchurl(Urltest.java:16)
at tests.Urltest.launchurl(Urltest.java:16)
at tests.Urltest.launchurl(Urltest.java:16)
at tests.Urltest.launchurl(Urltest.java:16)
at tests.Urltest.launchurl(Urltest.java:16)
at tests.Urltest.launchurl(Urltest.java:16)
at tests.Urltest.launchurl(Urltest.java:16)
at tests.Urltest.launchurl(Urltest.java:16)
at tests.Urltest.launchurl(Urltest.java:16)
at tests.Urltest.launchurl(Urltest.java:16)
at tests.Urltest.launchurl(Urltest.java:16)
at tests.Urltest.launchurl(Urltest.java:16)
at tests.Urltest.launchurl(Urltest.java:16)
at tests.Urltest.launchurl(Urltest.java:16)
at tests.Urltest.launchurl(Urltest.java:16)
at tests.Urltest.launchurl(Urltest.java:16)
at tests.Urltest.launchurl(Urltest.java:16)
at tests.Urltest.launchurl(Urltest.java:16)
at tests.Urltest.launchurl(Urltest.java:16)
at tests.Urltest.launchurl(Urltest.java:16)
at tests.Urltest.launchurl(Urltest.java:16)
at tests.Urltest.launchurl(Urltest.java:16)
at tests.Urltest.launchurl(Urltest.java:16)
at tests.Urltest.launchurl(Urltest.java:16)
at tests.Urltest.launchurl(Urltest.java:16)
at tests.Urltest.launchurl(Urltest.java:16)
at tests.Urltest.launchurl(Urltest.java:16)
at tests.Urltest.launchurl(Urltest.java:16)
at tests.Urltest.launchurl(Urltest.java:16)
at tests.Urltest.launchurl(Urltest.java:16)
at tests.Urltest.launchurl(Urltest.java:16)
at tests.Urltest.launchurl(Urltest.java:16)
at tests.Urltest.launchurl(Urltest.java:16)
at tests.Urltest.launchurl(Urltest.java:16)
at tests.Urltest.launchurl(Urltest.java:16)
at tests.Urltest.launchurl(Urltest.java:16)
at tests.Urltest.launchurl(Urltest.java:16)
at tests.Urltest.launchurl(Urltest.java:16)
at tests.Urltest.launchurl(Urltest.java:16)
at tests.Urltest.launchurl(Urltest.java:16)
at tests.Urltest.launchurl(Urltest.java:16)
at tests.Urltest.launchurl(Urltest.java:16)
at tests.Urltest.launchurl(Urltest.java:16)
at tests.Urltest.launchurl(Urltest.java:16)
at tests.Urltest.launchurl(Urltest.java:16)
at tests.Urltest.launchurl(Urltest.java:16)
at tests.Urltest.launchurl(Urltest.java:16)
at tests.Urltest.launchurl(Urltest.java:16)
at tests.Urltest.launchurl(Urltest.java:16)
at tests.Urltest.launchurl(Urltest.java:16)
at tests.Urltest.launchurl(Urltest.java:16)
at tests.Urltest.launchurl(Urltest.java:16)
at tests.Urltest.launchurl(Urltest.java:16)
at tests.Urltest.launchurl(Urltest.java:16)
at tests.Urltest.launchurl(Urltest.java:16)
at tests.Urltest.launchurl(Urltest.java:16)
at tests.Urltest.launchurl(Urltest.java:16)
at tests.Urltest.launchurl(Urltest.java:16)
at tests.Urltest.launchurl(Urltest.java:16)
at tests.Urltest.launchurl(Urltest.java:16)
at tests.Urltest.launchurl(Urltest.java:16)
at tests.Urltest.launchurl(Urltest.java:16)
at tests.Urltest.launchurl(Urltest.java:16)
at tests.Urltest.launchurl(Urltest.java:16)
at tests.Urltest.launchurl(Urltest.java:16)
at tests.Urltest.launchurl(Urltest.java:16)
at tests.Urltest.launchurl(Urltest.java:16)
at tests.Urltest.launchurl(Urltest.java:16)
at tests.Urltest.launchurl(Urltest.java:16)
at tests.Urltest.launchurl(Urltest.java:16)
at tests.Urltest.launchurl(Urltest.java:16)
at tests.Urltest.launchurl(Urltest.java:16)
at tests.Urltest.launchurl(Urltest.java:16)
at tests.Urltest.launchurl(Urltest.java:16)
at tests.Urltest.launchurl(Urltest.java:16)
at tests.Urltest.launchurl(Urltest.java:16)
at tests.Urltest.launchurl(Urltest.java:16)
at tests.Urltest.launchurl(Urltest.java:16)
at tests.Urltest.launchurl(Urltest.java:16)
at tests.Urltest.launchurl(Urltest.java:16)
at tests.Urltest.launchurl(Urltest.java:16)
at tests.Urltest.launchurl(Urltest.java:16)
at tests.Urltest.launchurl(Urltest.java:16)
at tests.Urltest.launchurl(Urltest.java:16)
at tests.Urltest.launchurl(Urltest.java:16)
at tests.Urltest.launchurl(Urltest.java:16)
at tests.Urltest.launchurl(Urltest.java:16)
at tests.Urltest.launchurl(Urltest.java:16)
at tests.Urltest.launchurl(Urltest.java:16)
at tests.Urltest.launchurl(Urltest.java:16)
at tests.Urltest.launchurl(Urltest.java:16)
at tests.Urltest.launchurl(Urltest.java:16)
at tests.Urltest.launchurl(Urltest.java:16)
at tests.Urltest.launchurl(Urltest.java:16)
at tests.Urltest.launchurl(Urltest.java:16)
at tests.Urltest.launchurl(Urltest.java:16)
at tests.Urltest.launchurl(Urltest.java:16)
at tests.Urltest.launchurl(Urltest.java:16)
at tests.Urltest.launchurl(Urltest.java:16)
at tests.Urltest.launchurl(Urltest.java:16)
at tests.Urltest.launchurl(Urltest.java:16)
at tests.Urltest.launchurl(Urltest.java:16)
at tests.Urltest.launchurl(Urltest.java:16)
at tests.Urltest.launchurl(Urltest.java:16)
at tests.Urltest.launchurl(Urltest.java:16)
at tests.Urltest.launchurl(Urltest.java:16)
at tests.Urltest.launchurl(Urltest.java:16)
at tests.Urltest.launchurl(Urltest.java:16)
at tests.Urltest.launchurl(Urltest.java:16)
at tests.Urltest.launchurl(Urltest.java:16)
at tests.Urltest.launchurl(Urltest.java:16)
at tests.Urltest.launchurl(Urltest.java:16)
at tests.Urltest.launchurl(Urltest.java:16)
at tests.Urltest.launchurl(Urltest.java:16)
at tests.Urltest.launchurl(Urltest.java:16)
at tests.Urltest.launchurl(Urltest.java:16)
at tests.Urltest.launchurl(Urltest.java:16)
at tests.Urltest.launchurl(Urltest.java:16)
at tests.Urltest.launchurl(Urltest.java:16)
at tests.Urltest.launchurl(Urltest.java:16)
at tests.Urltest.launchurl(Urltest.java:16)
at tests.Urltest.launchurl(Urltest.java:16)
at tests.Urltest.launchurl(Urltest.java:16)
at tests.Urltest.launchurl(Urltest.java:16)
at tests.Urltest.launchurl(Urltest.java:16)
at tests.Urltest.launchurl(Urltest.java:16)
at tests.Urltest.launchurl(Urltest.java:16)
at tests.Urltest.launchurl(Urltest.java:16)
at tests.Urltest.launchurl(Urltest.java:16)
at tests.Urltest.launchurl(Urltest.java:16)
at tests.Urltest.launchurl(Urltest.java:16)
at tests.Urltest.launchurl(Urltest.java:16)
at tests.Urltest.launchurl(Urltest.java:16)
at tests.Urltest.launchurl(Urltest.java:16)
at tests.Urltest.launchurl(Urltest.java:16)
at tests.Urltest.launchurl(Urltest.java:16)
at tests.Urltest.launchurl(Urltest.java:16)
at tests.Urltest.launchurl(Urltest.java:16)
at tests.Urltest.launchurl(Urltest.java:16)
at tests.Urltest.launchurl(Urltest.java:16)
at tests.Urltest.launchurl(Urltest.java:16)
at tests.Urltest.launchurl(Urltest.java:16)
at tests.Urltest.launchurl(Urltest.java:16)
at tests.Urltest.launchurl(Urltest.java:16)
at tests.Urltest.launchurl(Urltest.java:16)
at tests.Urltest.launchurl(Urltest.java:16)
at tests.Urltest.launchurl(Urltest.java:16)
at tests.Urltest.launchurl(Urltest.java:16)
at tests.Urltest.launchurl(Urltest.java:16)
at tests.Urltest.launchurl(Urltest.java:16)
at tests.Urltest.launchurl(Urltest.java:16)
at tests.Urltest.launchurl(Urltest.java:16)
at tests.Urltest.launchurl(Urltest.java:16)
at tests.Urltest.launchurl(Urltest.java:16)
at tests.Urltest.launchurl(Urltest.java:16)
at tests.Urltest.launchurl(Urltest.java:16)
at tests.Urltest.launchurl(Urltest.java:16)
at tests.Urltest.launchurl(Urltest.java:16)
at tests.Urltest.launchurl(Urltest.java:16)
at tests.Urltest.launchurl(Urltest.java:16)
at tests.Urltest.launchurl(Urltest.java:16)
at tests.Urltest.launchurl(Urltest.java:16)
at tests.Urltest.launchurl(Urltest.java:16)
at tests.Urltest.launchurl(Urltest.java:16)
at tests.Urltest.launchurl(Urltest.java:16)
at tests.Urltest.launchurl(Urltest.java:16)
at tests.Urltest.launchurl(Urltest.java:16)
at tests.Urltest.launchurl(Urltest.java:16)
at tests.Urltest.launchurl(Urltest.java:16)
at tests.Urltest.launchurl(Urltest.java:16)
at tests.Urltest.launchurl(Urltest.java:16)
at tests.Urltest.launchurl(Urltest.java:16)
at tests.Urltest.launchurl(Urltest.java:16)
at tests.Urltest.launchurl(Urltest.java:16)
at tests.Urltest.launchurl(Urltest.java:16)
at tests.Urltest.launchurl(Urltest.java:16)
at tests.Urltest.launchurl(Urltest.java:16)
at tests.Urltest.launchurl(Urltest.java:16)
at tests.Urltest.launchurl(Urltest.java:16)
at tests.Urltest.launchurl(Urltest.java:16)
at tests.Urltest.launchurl(Urltest.java:16)
at tests.Urltest.launchurl(Urltest.java:16)
at tests.Urltest.launchurl(Urltest.java:16)
at tests.Urltest.launchurl(Urltest.java:16)
at tests.Urltest.launchurl(Urltest.java:16)
at tests.Urltest.launchurl(Urltest.java:16)
at tests.Urltest.launchurl(Urltest.java:16)
at tests.Urltest.launchurl(Urltest.java:16)
at tests.Urltest.launchurl(Urltest.java:16)
at tests.Urltest.launchurl(Urltest.java:16)
at tests.Urltest.launchurl(Urltest.java:16)
at tests.Urltest.launchurl(Urltest.java:16)
at tests.Urltest.launchurl(Urltest.java:16)
at tests.Urltest.launchurl(Urltest.java:16)
at tests.Urltest.launchurl(Urltest.java:16)
at tests.Urltest.launchurl(Urltest.java:16)
at tests.Urltest.launchurl(Urltest.java:16)
at tests.Urltest.launchurl(Urltest.java:16)
at tests.Urltest.launchurl(Urltest.java:16)
at tests.Urltest.launchurl(Urltest.java:16)
at tests.Urltest.launchurl(Urltest.java:16)
at tests.Urltest.launchurl(Urltest.java:16)
at tests.Urltest.launchurl(Urltest.java:16)
at tests.Urltest.launchurl(Urltest.java:16)
at tests.Urltest.launchurl(Urltest.java:16)
at tests.Urltest.launchurl(Urltest.java:16)
at tests.Urltest.launchurl(Urltest.java:16)
at tests.Urltest.launchurl(Urltest.java:16)
at tests.Urltest.launchurl(Urltest.java:16)
at tests.Urltest.launchurl(Urltest.java:16)
at tests.Urltest.launchurl(Urltest.java:16)
at tests.Urltest.launchurl(Urltest.java:16)
at tests.Urltest.launchurl(Urltest.java:16)
at tests.Urltest.launchurl(Urltest.java:16)
at tests.Urltest.launchurl(Urltest.java:16)
at tests.Urltest.launchurl(Urltest.java:16)
at tests.Urltest.launchurl(Urltest.java:16)
at tests.Urltest.launchurl(Urltest.java:16)
at tests.Urltest.launchurl(Urltest.java:16)
at tests.Urltest.launchurl(Urltest.java:16)
at tests.Urltest.launchurl(Urltest.java:16)
at tests.Urltest.launchurl(Urltest.java:16)
at tests.Urltest.launchurl(Urltest.java:16)
at tests.Urltest.launchurl(Urltest.java:16)
at tests.Urltest.launchurl(Urltest.java:16)
at tests.Urltest.launchurl(Urltest.java:16)
at tests.Urltest.launchurl(Urltest.java:16)
at tests.Urltest.launchurl(Urltest.java:16)
at tests.Urltest.launchurl(Urltest.java:16)
at tests.Urltest.launchurl(Urltest.java:16)
at tests.Urltest.launchurl(Urltest.java:16)
at tests.Urltest.launchurl(Urltest.java:16)
at tests.Urltest.launchurl(Urltest.java:16)
at tests.Urltest.launchurl(Urltest.java:16)
at tests.Urltest.launchurl(Urltest.java:16)
at tests.Urltest.launchurl(Urltest.java:16)
at tests.Urltest.launchurl(Urltest.java:16)
at tests.Urltest.launchurl(Urltest.java:16)
at tests.Urltest.launchurl(Urltest.java:16)
at tests.Urltest.launchurl(Urltest.java:16)
at tests.Urltest.launchurl(Urltest.java:16)
at tests.Urltest.launchurl(Urltest.java:16)
at tests.Urltest.launchurl(Urltest.java:16)
at tests.Urltest.launchurl(Urltest.java:16)
at tests.Urltest.launchurl(Urltest.java:16)
at tests.Urltest.launchurl(Urltest.java:16)
at tests.Urltest.launchurl(Urltest.java:16)
at tests.Urltest.launchurl(Urltest.java:16)
at tests.Urltest.launchurl(Urltest.java:16)
at tests.Urltest.launchurl(Urltest.java:16)
at tests.Urltest.launchurl(Urltest.java:16)
at tests.Urltest.launchurl(Urltest.java:16)
at tests.Urltest.launchurl(Urltest.java:16)
at tests.Urltest.launchurl(Urltest.java:16)
at tests.Urltest.launchurl(Urltest.java:16)
at tests.Urltest.launchurl(Urltest.java:16)
at tests.Urltest.launchurl(Urltest.java:16)
at tests.Urltest.launchurl(Urltest.java:16)
at tests.Urltest.launchurl(Urltest.java:16)
at tests.Urltest.launchurl(Urltest.java:16)
at tests.Urltest.launchurl(Urltest.java:16)
at tests.Urltest.launchurl(Urltest.java:16)
at tests.Urltest.launchurl(Urltest.java:16)
at tests.Urltest.launchurl(Urltest.java:16)
at tests.Urltest.launchurl(Urltest.java:16)
at tests.Urltest.launchurl(Urltest.java:16)
at tests.Urltest.launchurl(Urltest.java:16)
at tests.Urltest.launchurl(Urltest.java:16)
at tests.Urltest.launchurl(Urltest.java:16)
at tests.Urltest.launchurl(Urltest.java:16)
at tests.Urltest.launchurl(Urltest.java:16)
at tests.Urltest.launchurl(Urltest.java:16)
at tests.Urltest.launchurl(Urltest.java:16)
at tests.Urltest.launchurl(Urltest.java:16)
at tests.Urltest.launchurl(Urltest.java:16)
at tests.Urltest.launchurl(Urltest.java:16)
at tests.Urltest.launchurl(Urltest.java:16)
at tests.Urltest.launchurl(Urltest.java:16)
at tests.Urltest.launchurl(Urltest.java:16)
at tests.Urltest.launchurl(Urltest.java:16)
at tests.Urltest.launchurl(Urltest.java:16)
at tests.Urltest.launchurl(Urltest.java:16)
at tests.Urltest.launchurl(Urltest.java:16)
at tests.Urltest.launchurl(Urltest.java:16)
at tests.Urltest.launchurl(Urltest.java:16)
at tests.Urltest.launchurl(Urltest.java:16)
at tests.Urltest.launchurl(Urltest.java:16)
at tests.Urltest.launchurl(Urltest.java:16)
at tests.Urltest.launchurl(Urltest.java:16)
at tests.Urltest.launchurl(Urltest.java:16)
at tests.Urltest.launchurl(Urltest.java:16)
at tests.Urltest.launchurl(Urltest.java:16)
at tests.Urltest.launchurl(Urltest.java:16)
at tests.Urltest.launchurl(Urltest.java:16)
at tests.Urltest.launchurl(Urltest.java:16)
at tests.Urltest.launchurl(Urltest.java:16)
at tests.Urltest.launchurl(Urltest.java:16)
at tests.Urltest.launchurl(Urltest.java:16)
at tests.Urltest.launchurl(Urltest.java:16)
at tests.Urltest.launchurl(Urltest.java:16)
at tests.Urltest.launchurl(Urltest.java:16)
at tests.Urltest.launchurl(Urltest.java:16)
at tests.Urltest.launchurl(Urltest.java:16)
at tests.Urltest.launchurl(Urltest.java:16)
at tests.Urltest.launchurl(Urltest.java:16)
at tests.Urltest.launchurl(Urltest.java:16)
at tests.Urltest.launchurl(Urltest.java:16)
at tests.Urltest.launchurl(Urltest.java:16)
at tests.Urltest.launchurl(Urltest.java:16)
at tests.Urltest.launchurl(Urltest.java:16)
at tests.Urltest.launchurl(Urltest.java:16)
at tests.Urltest.launchurl(Urltest.java:16)
at tests.Urltest.launchurl(Urltest.java:16)
at tests.Urltest.launchurl(Urltest.java:16)
at tests.Urltest.launchurl(Urltest.java:16)
at tests.Urltest.launchurl(Urltest.java:16)
at tests.Urltest.launchurl(Urltest.java:16)
at tests.Urltest.launchurl(Urltest.java:16)
at tests.Urltest.launchurl(Urltest.java:16)
at tests.Urltest.launchurl(Urltest.java:16)
at tests.Urltest.launchurl(Urltest.java:16)
at tests.Urltest.launchurl(Urltest.java:16)
at tests.Urltest.launchurl(Urltest.java:16)
at tests.Urltest.launchurl(Urltest.java:16)
at tests.Urltest.launchurl(Urltest.java:16)
at tests.Urltest.launchurl(Urltest.java:16)
at tests.Urltest.launchurl(Urltest.java:16)
at tests.Urltest.launchurl(Urltest.java:16)
at tests.Urltest.launchurl(Urltest.java:16)
at tests.Urltest.launchurl(Urltest.java:16)
at tests.Urltest.launchurl(Urltest.java:16)
at tests.Urltest.launchurl(Urltest.java:16)
at tests.Urltest.launchurl(Urltest.java:16)
at tests.Urltest.launchurl(Urltest.java:16)
at tests.Urltest.launchurl(Urltest.java:16)
at tests.Urltest.launchurl(Urltest.java:16)
at tests.Urltest.launchurl(Urltest.java:16)
at tests.Urltest.launchurl(Urltest.java:16)
at tests.Urltest.launchurl(Urltest.java:16)
at tests.Urltest.launchurl(Urltest.java:16)
at tests.Urltest.launchurl(Urltest.java:16)
at tests.Urltest.launchurl(Urltest.java:16)
at tests.Urltest.launchurl(Urltest.java:16)
at tests.Urltest.launchurl(Urltest.java:16)
at tests.Urltest.launchurl(Urltest.java:16)
at tests.Urltest.launchurl(Urltest.java:16)
at tests.Urltest.launchurl(Urltest.java:16)
at tests.Urltest.launchurl(Urltest.java:16)
at tests.Urltest.launchurl(Urltest.java:16)
at tests.Urltest.launchurl(Urltest.java:16)
at tests.Urltest.launchurl(Urltest.java:16)
at tests.Urltest.launchurl(Urltest.java:16)
at tests.Urltest.launchurl(Urltest.java:16)
at tests.Urltest.launchurl(Urltest.java:16)
at tests.Urltest.launchurl(Urltest.java:16)
at tests.Urltest.launchurl(Urltest.java:16)
at tests.Urltest.launchurl(Urltest.java:16)
at tests.Urltest.launchurl(Urltest.java:16)
at tests.Urltest.launchurl(Urltest.java:16)
at tests.Urltest.launchurl(Urltest.java:16)
at tests.Urltest.launchurl(Urltest.java:16)
at tests.Urltest.launchurl(Urltest.java:16)
at tests.Urltest.launchurl(Urltest.java:16)
at tests.Urltest.launchurl(Urltest.java:16)
at tests.Urltest.launchurl(Urltest.java:16)
at tests.Urltest.launchurl(Urltest.java:16)
at tests.Urltest.launchurl(Urltest.java:16)
at tests.Urltest.launchurl(Urltest.java:16)
at tests.Urltest.launchurl(Urltest.java:16)
at tests.Urltest.launchurl(Urltest.java:16)
at tests.Urltest.launchurl(Urltest.java:16)
at tests.Urltest.launchurl(Urltest.java:16)
at tests.Urltest.launchurl(Urltest.java:16)
at tests.Urltest.launchurl(Urltest.java:16)
at tests.Urltest.launchurl(Urltest.java:16)
at tests.Urltest.launchurl(Urltest.java:16)
at tests.Urltest.launchurl(Urltest.java:16)
at tests.Urltest.launchurl(Urltest.java:16)
at tests.Urltest.launchurl(Urltest.java:16)
at tests.Urltest.launchurl(Urltest.java:16)
at tests.Urltest.launchurl(Urltest.java:16)
at tests.Urltest.launchurl(Urltest.java:16)
at tests.Urltest.launchurl(Urltest.java:16)
at tests.Urltest.launchurl(Urltest.java:16)
at tests.Urltest.launchurl(Urltest.java:16)
at tests.Urltest.launchurl(Urltest.java:16)
at tests.Urltest.launchurl(Urltest.java:16)
at tests.Urltest.launchurl(Urltest.java:16)
at tests.Urltest.launchurl(Urltest.java:16)
at tests.Urltest.launchurl(Urltest.java:16)
at tests.Urltest.launchurl(Urltest.java:16)
at tests.Urltest.launchurl(Urltest.java:16)
at tests.Urltest.launchurl(Urltest.java:16)
at tests.Urltest.launchurl(Urltest.java:16)
at tests.Urltest.launchurl(Urltest.java:16)
at tests.Urltest.launchurl(Urltest.java:16)
at tests.Urltest.launchurl(Urltest.java:16)
at tests.Urltest.launchurl(Urltest.java:16)
at tests.Urltest.launchurl(Urltest.java:16)
at tests.Urltest.launchurl(Urltest.java:16)
at tests.Urltest.launchurl(Urltest.java:16)
at tests.Urltest.launchurl(Urltest.java:16)
at tests.Urltest.launchurl(Urltest.java:16)
at tests.Urltest.launchurl(Urltest.java:16)
at tests.Urltest.launchurl(Urltest.java:16)
at tests.Urltest.launchurl(Urltest.java:16)
at tests.Urltest.launchurl(Urltest.java:16)
at tests.Urltest.launchurl(Urltest.java:16)
at tests.Urltest.launchurl(Urltest.java:16)
at tests.Urltest.launchurl(Urltest.java:16)
at tests.Urltest.launchurl(Urltest.java:16)
at tests.Urltest.launchurl(Urltest.java:16)
at tests.Urltest.launchurl(Urltest.java:16)
at tests.Urltest.launchurl(Urltest.java:16)
at tests.Urltest.launchurl(Urltest.java:16)
at tests.Urltest.launchurl(Urltest.java:16)
at tests.Urltest.launchurl(Urltest.java:16)
at tests.Urltest.launchurl(Urltest.java:16)
at tests.Urltest.launchurl(Urltest.java:16)
at tests.Urltest.launchurl(Urltest.java:16)
at tests.Urltest.launchurl(Urltest.java:16)
at tests.Urltest.launchurl(Urltest.java:16)
at tests.Urltest.launchurl(Urltest.java:16)
at tests.Urltest.launchurl(Urltest.java:16)
at tests.Urltest.launchurl(Urltest.java:16)
at tests.Urltest.launchurl(Urltest.java:16)
at tests.Urltest.launchurl(Urltest.java:16)
at tests.Urltest.launchurl(Urltest.java:16)
at tests.Urltest.launchurl(Urltest.java:16)
at tests.Urltest.launchurl(Urltest.java:16)
at tests.Urltest.launchurl(Urltest.java:16)
at tests.Urltest.launchurl(Urltest.java:16)
at tests.Urltest.launchurl(Urltest.java:16)
at tests.Urltest.launchurl(Urltest.java:16)
at tests.Urltest.launchurl(Urltest.java:16)
at tests.Urltest.launchurl(Urltest.java:16)
at tests.Urltest.launchurl(Urltest.java:16)
at tests.Urltest.launchurl(Urltest.java:16)
at tests.Urltest.launchurl(Urltest.java:16)
at tests.Urltest.launchurl(Urltest.java:16)
at tests.Urltest.launchurl(Urltest.java:16)
at tests.Urltest.launchurl(Urltest.java:16)
at tests.Urltest.launchurl(Urltest.java:16)
at tests.Urltest.launchurl(Urltest.java:16)
at tests.Urltest.launchurl(Urltest.java:16)
at tests.Urltest.launchurl(Urltest.java:16)
at tests.Urltest.launchurl(Urltest.java:16)
at tests.Urltest.launchurl(Urltest.java:16)
at tests.Urltest.launchurl(Urltest.java:16)
at tests.Urltest.launchurl(Urltest.java:16)
at tests.Urltest.launchurl(Urltest.java:16)
at tests.Urltest.launchurl(Urltest.java:16)
at tests.Urltest.launchurl(Urltest.java:16)
at tests.Urltest.launchurl(Urltest.java:16)
at tests.Urltest.launchurl(Urltest.java:16)
at tests.Urltest.launchurl(Urltest.java:16)
at tests.Urltest.launchurl(Urltest.java:16)
at tests.Urltest.launchurl(Urltest.java:16)
at tests.Urltest.launchurl(Urltest.java:16)
at tests.Urltest.launchurl(Urltest.java:16)
at tests.Urltest.launchurl(Urltest.java:16)
at tests.Urltest.launchurl(Urltest.java:16)
at tests.Urltest.launchurl(Urltest.java:16)
at tests.Urltest.launchurl(Urltest.java:16)
at tests.Urltest.launchurl(Urltest.java:16)
at tests.Urltest.launchurl(Urltest.java:16)
at tests.Urltest.launchurl(Urltest.java:16)
at tests.Urltest.launchurl(Urltest.java:16)
at tests.Urltest.launchurl(Urltest.java:16)
at tests.Urltest.launchurl(Urltest.java:16)
at tests.Urltest.launchurl(Urltest.java:16)
at tests.Urltest.launchurl(Urltest.java:16)
at tests.Urltest.launchurl(Urltest.java:16)
at tests.Urltest.launchurl(Urltest.java:16)
at tests.Urltest.launchurl(Urltest.java:16)
at tests.Urltest.launchurl(Urltest.java:16)
at tests.Urltest.launchurl(Urltest.java:16)
at tests.Urltest.launchurl(Urltest.java:16)
at tests.Urltest.launchurl(Urltest.java:16)
at tests.Urltest.launchurl(Urltest.java:16)
at tests.Urltest.launchurl(Urltest.java:16)
at tests.Urltest.launchurl(Urltest.java:16)
at tests.Urltest.launchurl(Urltest.java:16)
at tests.Urltest.launchurl(Urltest.java:16)
at tests.Urltest.launchurl(Urltest.java:16)
at tests.Urltest.launchurl(Urltest.java:16)
at tests.Urltest.launchurl(Urltest.java:16)
at tests.Urltest.launchurl(Urltest.java:16)
at tests.Urltest.launchurl(Urltest.java:16)
at tests.Urltest.launchurl(Urltest.java:16)
at tests.Urltest.launchurl(Urltest.java:16)
at tests.Urltest.launchurl(Urltest.java:16)
at tests.Urltest.launchurl(Urltest.java:16)
at tests.Urltest.launchurl(Urltest.java:16)
at tests.Urltest.launchurl(Urltest.java:16)
at tests.Urltest.launchurl(Urltest.java:16)
at tests.Urltest.launchurl(Urltest.java:16)
at tests.Urltest.launchurl(Urltest.java:16)
at tests.Urltest.launchurl(Urltest.java:16)
at tests.Urltest.launchurl(Urltest.java:16)
at tests.Urltest.launchurl(Urltest.java:16)
at tests.Urltest.launchurl(Urltest.java:16)
at tests.Urltest.launchurl(Urltest.java:16)
at tests.Urltest.launchurl(Urltest.java:16)
at tests.Urltest.launchurl(Urltest.java:16)
at tests.Urltest.launchurl(Urltest.java:16)
at tests.Urltest.launchurl(Urltest.java:16)
at tests.Urltest.launchurl(Urltest.java:16)
at tests.Urltest.launchurl(Urltest.java:16)
at tests.Urltest.launchurl(Urltest.java:16)
at tests.Urltest.launchurl(Urltest.java:16)
at tests.Urltest.launchurl(Urltest.java:16)
at tests.Urltest.launchurl(Urltest.java:16)
at tests.Urltest.launchurl(Urltest.java:16)
at tests.Urltest.launchurl(Urltest.java:16)
at tests.Urltest.launchurl(Urltest.java:16)
at tests.Urltest.launchurl(Urltest.java:16)
at tests.Urltest.launchurl(Urltest.java:16)
at tests.Urltest.launchurl(Urltest.java:16)
at tests.Urltest.launchurl(Urltest.java:16)
at tests.Urltest.launchurl(Urltest.java:16)
at tests.Urltest.launchurl(Urltest.java:16)
at tests.Urltest.launchurl(Urltest.java:16)
at tests.Urltest.launchurl(Urltest.java:16)
at tests.Urltest.launchurl(Urltest.java:16)
at tests.Urltest.launchurl(Urltest.java:16)
at tests.Urltest.launchurl(Urltest.java:16)
at tests.Urltest.launchurl(Urltest.java:16)
at tests.Urltest.launchurl(Urltest.java:16)
at tests.Urltest.launchurl(Urltest.java:16)
at tests.Urltest.launchurl(Urltest.java:16)
at tests.Urltest.launchurl(Urltest.java:16)
at tests.Urltest.launchurl(Urltest.java:16)
at tests.Urltest.launchurl(Urltest.java:16)
at tests.Urltest.launchurl(Urltest.java:16)
at tests.Urltest.launchurl(Urltest.java:16)
at tests.Urltest.launchurl(Urltest.java:16)
at tests.Urltest.launchurl(Urltest.java:16)
at tests.Urltest.launchurl(Urltest.java:16)
at tests.Urltest.launchurl(Urltest.java:16)
at tests.Urltest.launchurl(Urltest.java:16)
at tests.Urltest.launchurl(Urltest.java:16)
at tests.Urltest.launchurl(Urltest.java:16)
at tests.Urltest.launchurl(Urltest.java:16)
at tests.Urltest.launchurl(Urltest.java:16)
at tests.Urltest.launchurl(Urltest.java:16)
at tests.Urltest.launchurl(Urltest.java:16)
at tests.Urltest.launchurl(Urltest.java:16)
at tests.Urltest.launchurl(Urltest.java:16)
at tests.Urltest.launchurl(Urltest.java:16)
at tests.Urltest.launchurl(Urltest.java:16)
at tests.Urltest.launchurl(Urltest.java:16)
at tests.Urltest.launchurl(Urltest.java:16)
at tests.Urltest.launchurl(Urltest.java:16)
at tests.Urltest.launchurl(Urltest.java:16)
at tests.Urltest.launchurl(Urltest.java:16)
at tests.Urltest.launchurl(Urltest.java:16)
at tests.Urltest.launchurl(Urltest.java:16)
at tests.Urltest.launchurl(Urltest.java:16)
at tests.Urltest.launchurl(Urltest.java:16)
at tests.Urltest.launchurl(Urltest.java:16)
at tests.Urltest.launchurl(Urltest.java:16)
at tests.Urltest.launchurl(Urltest.java:16)
at tests.Urltest.launchurl(Urltest.java:16)
at tests.Urltest.launchurl(Urltest.java:16)
at tests.Urltest.launchurl(Urltest.java:16)
at tests.Urltest.launchurl(Urltest.java:16)
at tests.Urltest.launchurl(Urltest.java:16)
at tests.Urltest.launchurl(Urltest.java:16)
at tests.Urltest.launchurl(Urltest.java:16)
at tests.Urltest.launchurl(Urltest.java:16)
at tests.Urltest.launchurl(Urltest.java:16)
at tests.Urltest.launchurl(Urltest.java:16)
at tests.Urltest.launchurl(Urltest.java:16)
at tests.Urltest.launchurl(Urltest.java:16)
at tests.Urltest.launchurl(Urltest.java:16)
at tests.Urltest.launchurl(Urltest.java:16)
at tests.Urltest.launchurl(Urltest.java:16)
at tests.Urltest.launchurl(Urltest.java:16)
at tests.Urltest.launchurl(Urltest.java:16)
at tests.Urltest.launchurl(Urltest.java:16)
at tests.Urltest.launchurl(Urltest.java:16)
at tests.Urltest.launchurl(Urltest.java:16)
at tests.Urltest.launchurl(Urltest.java:16)
at tests.Urltest.launchurl(Urltest.java:16)
at tests.Urltest.launchurl(Urltest.java:16)
at tests.Urltest.launchurl(Urltest.java:16)
at tests.Urltest.launchurl(Urltest.java:16)
at tests.Urltest.launchurl(Urltest.java:16)
at tests.Urltest.launchurl(Urltest.java:16)
at tests.Urltest.launchurl(Urltest.java:16)
at tests.Urltest.launchurl(Urltest.java:16)
at tests.Urltest.launchurl(Urltest.java:16)
at tests.Urltest.launchurl(Urltest.java:16)
at tests.Urltest.launchurl(Urltest.java:16)
at tests.Urltest.launchurl(Urltest.java:16)
at tests.Urltest.launchurl(Urltest.java:16)
at tests.Urltest.launchurl(Urltest.java:16)
at tests.Urltest.launchurl(Urltest.java:16)
at tests.Urltest.launchurl(Urltest.java:16)
at tests.Urltest.launchurl(Urltest.java:16)
at tests.Urltest.launchurl(Urltest.java:16)
at tests.Urltest.launchurl(Urltest.java:16)
at tests.Urltest.launchurl(Urltest.java:16)
at tests.Urltest.launchurl(Urltest.java:16)
at tests.Urltest.launchurl(Urltest.java:16)
at tests.Urltest.launchurl(Urltest.java:16)
at tests.Urltest.launchurl(Urltest.java:16)
at tests.Urltest.launchurl(Urltest.java:16)
at tests.Urltest.launchurl(Urltest.java:16)
at tests.Urltest.launchurl(Urltest.java:16)
at tests.Urltest.launchurl(Urltest.java:16)
at tests.Urltest.launchurl(Urltest.java:16)
at tests.Urltest.launchurl(Urltest.java:16)
at tests.Urltest.launchurl(Urltest.java:16)
at tests.Urltest.launchurl(Urltest.java:16)
at tests.Urltest.launchurl(Urltest.java:16)
at tests.Urltest.launchurl(Urltest.java:16)
at tests.Urltest.launchurl(Urltest.java:16)
at tests.Urltest.launchurl(Urltest.java:16)
at tests.Urltest.launchurl(Urltest.java:16)
at tests.Urltest.launchurl(Urltest.java:16)
at tests.Urltest.launchurl(Urltest.java:16)
at tests.Urltest.launchurl(Urltest.java:16)
at tests.Urltest.launchurl(Urltest.java:16)
at tests.Urltest.launchurl(Urltest.java:16)
at tests.Urltest.launchurl(Urltest.java:16)
at tests.Urltest.launchurl(Urltest.java:16)
at tests.Urltest.launchurl(Urltest.java:16)
at tests.Urltest.launchurl(Urltest.java:16)
at tests.Urltest.launchurl(Urltest.java:16)
at tests.Urltest.launchurl(Urltest.java:16)
at tests.Urltest.launchurl(Urltest.java:16)
at tests.Urltest.launchurl(Urltest.java:16)
at tests.Urltest.launchurl(Urltest.java:16)
at tests.Urltest.launchurl(Urltest.java:16)
at tests.Urltest.launchurl(Urltest.java:16)
at tests.Urltest.launchurl(Urltest.java:16)
at tests.Urltest.launchurl(Urltest.java:16)
at tests.Urltest.launchurl(Urltest.java:16)
at tests.Urltest.launchurl(Urltest.java:16)
at tests.Urltest.launchurl(Urltest.java:16)
at tests.Urltest.launchurl(Urltest.java:16)
at tests.Urltest.launchurl(Urltest.java:16)
at tests.Urltest.launchurl(Urltest.java:16)
at tests.Urltest.launchurl(Urltest.java:16)
at tests.Urltest.launchurl(Urltest.java:16)
at tests.Urltest.launchurl(Urltest.java:16)
at tests.Urltest.launchurl(Urltest.java:16)
at tests.Urltest.launchurl(Urltest.java:16)
at tests.Urltest.launchurl(Urltest.java:16)
at tests.Urltest.launchurl(Urltest.java:16)
at tests.Urltest.launchurl(Urltest.java:16)
at tests.Urltest.launchurl(Urltest.java:16)
at tests.Urltest.launchurl(Urltest.java:16)
at tests.Urltest.launchurl(Urltest.java:16)
at tests.Urltest.launchurl(Urltest.java:16)
at tests.Urltest.launchurl(Urltest.java:16)
at tests.Urltest.launchurl(Urltest.java:16)
at tests.Urltest.launchurl(Urltest.java:16)
at tests.Urltest.launchurl(Urltest.java:16)
at tests.Urltest.launchurl(Urltest.java:16)
at tests.Urltest.launchurl(Urltest.java:16)
at tests.Urltest.launchurl(Urltest.java:16)
at tests.Urltest.launchurl(Urltest.java:16)
at tests.Urltest.launchurl(Urltest.java:16)
at tests.Urltest.launchurl(Urltest.java:16)
at tests.Urltest.launchurl(Urltest.java:16)
at tests.Urltest.launchurl(Urltest.java:16)
at tests.Urltest.launchurl(Urltest.java:16)
at tests.Urltest.launchurl(Urltest.java:16)
at tests.Urltest.launchurl(Urltest.java:16)
at tests.Urltest.launchurl(Urltest.java:16)
at tests.Urltest.launchurl(Urltest.java:16)
at tests.Urltest.launchurl(Urltest.java:16)
at tests.Urltest.launchurl(Urltest.java:16)
at tests.Urltest.launchurl(Urltest.java:16)
at tests.Urltest.launchurl(Urltest.java:16)
at tests.Urltest.launchurl(Urltest.java:16)
at tests.Urltest.launchurl(Urltest.java:16)
at tests.Urltest.launchurl(Urltest.java:16)
at tests.Urltest.launchurl(Urltest.java:16)
at tests.Urltest.launchurl(Urltest.java:16)
at tests.Urltest.launchurl(Urltest.java:16)
at tests.Urltest.launchurl(Urltest.java:16)
at tests.Urltest.launchurl(Urltest.java:16)
at tests.Urltest.launchurl(Urltest.java:16)
at tests.Urltest.launchurl(Urltest.java:16)
at tests.Urltest.launchurl(Urltest.java:16)
at tests.Urltest.launchurl(Urltest.java:16)
at tests.Urltest.launchurl(Urltest.java:16)
at tests.Urltest.launchurl(Urltest.java:16)
at tests.Urltest.launchurl(Urltest.java:16)
at tests.Urltest.launchurl(Urltest.java:16)
at tests.Urltest.launchurl(Urltest.java:16)
at tests.Urltest.launchurl(Urltest.java:16)
at tests.Urltest.launchurl(Urltest.java:16)
at tests.Urltest.launchurl(Urltest.java:16)
at tests.Urltest.launchurl(Urltest.java:16)
at tests.Urltest.launchurl(Urltest.java:16)
at tests.Urltest.launchurl(Urltest.java:16)
at tests.Urltest.launchurl(Urltest.java:16)
at tests.Urltest.launchurl(Urltest.java:16)
at tests.Urltest.launchurl(Urltest.java:16)
at tests.Urltest.launchurl(Urltest.java:16)
at tests.Urltest.launchurl(Urltest.java:16)
at tests.Urltest.launchurl(Urltest.java:16)
at tests.Urltest.launchurl(Urltest.java:16)
at tests.Urltest.launchurl(Urltest.java:16)
at tests.Urltest.launchurl(Urltest.java:16)
at tests.Urltest.launchurl(Urltest.java:16)
at tests.Urltest.launchurl(Urltest.java:16)
at tests.Urltest.launchurl(Urltest.java:16)
at tests.Urltest.launchurl(Urltest.java:16)
at tests.Urltest.launchurl(Urltest.java:16)
at tests.Urltest.launchurl(Urltest.java:16)
at tests.Urltest.launchurl(Urltest.java:16)
at tests.Urltest.launchurl(Urltest.java:16)
at tests.Urltest.launchurl(Urltest.java:16)
at tests.Urltest.launchurl(Urltest.java:16)
at tests.Urltest.launchurl(Urltest.java:16)
at tests.Urltest.launchurl(Urltest.java:16)
at tests.Urltest.launchurl(Urltest.java:16)
at tests.Urltest.launchurl(Urltest.java:16)
at tests.Urltest.launchurl(Urltest.java:16)
at tests.Urltest.launchurl(Urltest.java:16)
at tests.Urltest.launchurl(Urltest.java:16)
at tests.Urltest.launchurl(Urltest.java:16)
at tests.Urltest.launchurl(Urltest.java:16)
at tests.Urltest.launchurl(Urltest.java:16)
at tests.Urltest.launchurl(Urltest.java:16)
at tests.Urltest.launchurl(Urltest.java:16)
at tests.Urltest.launchurl(Urltest.java:16)
at tests.Urltest.launchurl(Urltest.java:16)
at tests.Urltest.launchurl(Urltest.java:16)
at tests.Urltest.launchurl(Urltest.java:16)
at tests.Urltest.launchurl(Urltest.java:16)
at tests.Urltest.launchurl(Urltest.java:16)
at tests.Urltest.launchurl(Urltest.java:16)
at tests.Urltest.launchurl(Urltest.java:16)
at tests.Urltest.launchurl(Urltest.java:16)
at tests.Urltest.launchurl(Urltest.java:16)
at tests.Urltest.launchurl(Urltest.java:16)
at tests.Urltest.launchurl(Urltest.java:16)
at tests.Urltest.launchurl(Urltest.java:16)
at tests.Urltest.launchurl(Urltest.java:16)
at tests.Urltest.launchurl(Urltest.java:16)
at tests.Urltest.launchurl(Urltest.java:16)
at tests.Urltest.launchurl(Urltest.java:16)
at tests.Urltest.launchurl(Urltest.java:16)
at tests.Urltest.launchurl(Urltest.java:16)
at tests.Urltest.launchurl(Urltest.java:16)
at tests.Urltest.launchurl(Urltest.java:16)
at tests.Urltest.launchurl(Urltest.java:16)
at tests.Urltest.launchurl(Urltest.java:16)
at tests.Urltest.launchurl(Urltest.java:16)
at tests.Urltest.launchurl(Urltest.java:16)
at tests.Urltest.launchurl(Urltest.java:16)
at tests.Urltest.launchurl(Urltest.java:16)
]]>
            </full-stacktrace>
          </exception> <!-- java.lang.StackOverflowError -->
          <reporter-output>
          </reporter-output>
        </test-method> <!-- launchurl -->
        <test-method signature="clickonclose()[pri:0, instance:tests.Urltest@75db5df9]" started-at="2025-06-24T14:53:19 IST" name="clickonclose" finished-at="2025-06-24T14:53:19 IST" duration-ms="0" status="SKIP">
          <exception class="java.lang.StackOverflowError">
            <full-stacktrace>
              <![CDATA[java.lang.StackOverflowError
at java.base/jdk.internal.reflect.Reflection.verifyMemberAccess(Reflection.java:150)
at java.base/java.lang.reflect.AccessibleObject.slowVerifyAccess(AccessibleObject.java:750)
at java.base/java.lang.reflect.AccessibleObject.verifyAccess(AccessibleObject.java:736)
at java.base/java.lang.reflect.AccessibleObject.checkAccess(AccessibleObject.java:708)
at java.base/java.lang.reflect.Constructor.newInstanceWithCaller(Constructor.java:494)
at java.base/java.lang.reflect.Constructor.newInstance(Constructor.java:485)
at org.openqa.selenium.support.pagefactory.Annotations.buildBy(Annotations.java:76)
at org.openqa.selenium.support.pagefactory.DefaultElementLocator.<init>(DefaultElementLocator.java:58)
at org.openqa.selenium.support.pagefactory.DefaultElementLocator.<init>(DefaultElementLocator.java:46)
at org.openqa.selenium.support.pagefactory.DefaultElementLocatorFactory.createLocator(DefaultElementLocatorFactory.java:32)
at org.openqa.selenium.support.pagefactory.DefaultFieldDecorator.decorate(DefaultFieldDecorator.java:55)
at org.openqa.selenium.support.PageFactory.proxyFields(PageFactory.java:109)
at org.openqa.selenium.support.PageFactory.initElements(PageFactory.java:101)
at org.openqa.selenium.support.PageFactory.initElements(PageFactory.java:88)
at org.openqa.selenium.support.PageFactory.initElements(PageFactory.java:76)
at pages.Loginpage.<init>(Loginpage.java:13)
at tests.Urltest.launchurl(Urltest.java:15)
at tests.Urltest.launchurl(Urltest.java:16)
at tests.Urltest.launchurl(Urltest.java:16)
at tests.Urltest.launchurl(Urltest.java:16)
at tests.Urltest.launchurl(Urltest.java:16)
at tests.Urltest.launchurl(Urltest.java:16)
at tests.Urltest.launchurl(Urltest.java:16)
at tests.Urltest.launchurl(Urltest.java:16)
at tests.Urltest.launchurl(Urltest.java:16)
at tests.Urltest.launchurl(Urltest.java:16)
at tests.Urltest.launchurl(Urltest.java:16)
at tests.Urltest.launchurl(Urltest.java:16)
at tests.Urltest.launchurl(Urltest.java:16)
at tests.Urltest.launchurl(Urltest.java:16)
at tests.Urltest.launchurl(Urltest.java:16)
at tests.Urltest.launchurl(Urltest.java:16)
at tests.Urltest.launchurl(Urltest.java:16)
at tests.Urltest.launchurl(Urltest.java:16)
at tests.Urltest.launchurl(Urltest.java:16)
at tests.Urltest.launchurl(Urltest.java:16)
at tests.Urltest.launchurl(Urltest.java:16)
at tests.Urltest.launchurl(Urltest.java:16)
at tests.Urltest.launchurl(Urltest.java:16)
at tests.Urltest.launchurl(Urltest.java:16)
at tests.Urltest.launchurl(Urltest.java:16)
at tests.Urltest.launchurl(Urltest.java:16)
at tests.Urltest.launchurl(Urltest.java:16)
at tests.Urltest.launchurl(Urltest.java:16)
at tests.Urltest.launchurl(Urltest.java:16)
at tests.Urltest.launchurl(Urltest.java:16)
at tests.Urltest.launchurl(Urltest.java:16)
at tests.Urltest.launchurl(Urltest.java:16)
at tests.Urltest.launchurl(Urltest.java:16)
at tests.Urltest.launchurl(Urltest.java:16)
at tests.Urltest.launchurl(Urltest.java:16)
at tests.Urltest.launchurl(Urltest.java:16)
at tests.Urltest.launchurl(Urltest.java:16)
at tests.Urltest.launchurl(Urltest.java:16)
at tests.Urltest.launchurl(Urltest.java:16)
at tests.Urltest.launchurl(Urltest.java:16)
at tests.Urltest.launchurl(Urltest.java:16)
at tests.Urltest.launchurl(Urltest.java:16)
at tests.Urltest.launchurl(Urltest.java:16)
at tests.Urltest.launchurl(Urltest.java:16)
at tests.Urltest.launchurl(Urltest.java:16)
at tests.Urltest.launchurl(Urltest.java:16)
at tests.Urltest.launchurl(Urltest.java:16)
at tests.Urltest.launchurl(Urltest.java:16)
at tests.Urltest.launchurl(Urltest.java:16)
at tests.Urltest.launchurl(Urltest.java:16)
at tests.Urltest.launchurl(Urltest.java:16)
at tests.Urltest.launchurl(Urltest.java:16)
at tests.Urltest.launchurl(Urltest.java:16)
at tests.Urltest.launchurl(Urltest.java:16)
at tests.Urltest.launchurl(Urltest.java:16)
at tests.Urltest.launchurl(Urltest.java:16)
at tests.Urltest.launchurl(Urltest.java:16)
at tests.Urltest.launchurl(Urltest.java:16)
at tests.Urltest.launchurl(Urltest.java:16)
at tests.Urltest.launchurl(Urltest.java:16)
at tests.Urltest.launchurl(Urltest.java:16)
at tests.Urltest.launchurl(Urltest.java:16)
at tests.Urltest.launchurl(Urltest.java:16)
at tests.Urltest.launchurl(Urltest.java:16)
at tests.Urltest.launchurl(Urltest.java:16)
at tests.Urltest.launchurl(Urltest.java:16)
at tests.Urltest.launchurl(Urltest.java:16)
at tests.Urltest.launchurl(Urltest.java:16)
at tests.Urltest.launchurl(Urltest.java:16)
at tests.Urltest.launchurl(Urltest.java:16)
at tests.Urltest.launchurl(Urltest.java:16)
at tests.Urltest.launchurl(Urltest.java:16)
at tests.Urltest.launchurl(Urltest.java:16)
at tests.Urltest.launchurl(Urltest.java:16)
at tests.Urltest.launchurl(Urltest.java:16)
at tests.Urltest.launchurl(Urltest.java:16)
at tests.Urltest.launchurl(Urltest.java:16)
at tests.Urltest.launchurl(Urltest.java:16)
at tests.Urltest.launchurl(Urltest.java:16)
at tests.Urltest.launchurl(Urltest.java:16)
at tests.Urltest.launchurl(Urltest.java:16)
at tests.Urltest.launchurl(Urltest.java:16)
at tests.Urltest.launchurl(Urltest.java:16)
at tests.Urltest.launchurl(Urltest.java:16)
at tests.Urltest.launchurl(Urltest.java:16)
at tests.Urltest.launchurl(Urltest.java:16)
at tests.Urltest.launchurl(Urltest.java:16)
at tests.Urltest.launchurl(Urltest.java:16)
at tests.Urltest.launchurl(Urltest.java:16)
at tests.Urltest.launchurl(Urltest.java:16)
at tests.Urltest.launchurl(Urltest.java:16)
at tests.Urltest.launchurl(Urltest.java:16)
at tests.Urltest.launchurl(Urltest.java:16)
at tests.Urltest.launchurl(Urltest.java:16)
at tests.Urltest.launchurl(Urltest.java:16)
at tests.Urltest.launchurl(Urltest.java:16)
at tests.Urltest.launchurl(Urltest.java:16)
at tests.Urltest.launchurl(Urltest.java:16)
at tests.Urltest.launchurl(Urltest.java:16)
at tests.Urltest.launchurl(Urltest.java:16)
at tests.Urltest.launchurl(Urltest.java:16)
at tests.Urltest.launchurl(Urltest.java:16)
at tests.Urltest.launchurl(Urltest.java:16)
at tests.Urltest.launchurl(Urltest.java:16)
at tests.Urltest.launchurl(Urltest.java:16)
at tests.Urltest.launchurl(Urltest.java:16)
at tests.Urltest.launchurl(Urltest.java:16)
at tests.Urltest.launchurl(Urltest.java:16)
at tests.Urltest.launchurl(Urltest.java:16)
at tests.Urltest.launchurl(Urltest.java:16)
at tests.Urltest.launchurl(Urltest.java:16)
at tests.Urltest.launchurl(Urltest.java:16)
at tests.Urltest.launchurl(Urltest.java:16)
at tests.Urltest.launchurl(Urltest.java:16)
at tests.Urltest.launchurl(Urltest.java:16)
at tests.Urltest.launchurl(Urltest.java:16)
at tests.Urltest.launchurl(Urltest.java:16)
at tests.Urltest.launchurl(Urltest.java:16)
at tests.Urltest.launchurl(Urltest.java:16)
at tests.Urltest.launchurl(Urltest.java:16)
at tests.Urltest.launchurl(Urltest.java:16)
at tests.Urltest.launchurl(Urltest.java:16)
at tests.Urltest.launchurl(Urltest.java:16)
at tests.Urltest.launchurl(Urltest.java:16)
at tests.Urltest.launchurl(Urltest.java:16)
at tests.Urltest.launchurl(Urltest.java:16)
at tests.Urltest.launchurl(Urltest.java:16)
at tests.Urltest.launchurl(Urltest.java:16)
at tests.Urltest.launchurl(Urltest.java:16)
at tests.Urltest.launchurl(Urltest.java:16)
at tests.Urltest.launchurl(Urltest.java:16)
at tests.Urltest.launchurl(Urltest.java:16)
at tests.Urltest.launchurl(Urltest.java:16)
at tests.Urltest.launchurl(Urltest.java:16)
at tests.Urltest.launchurl(Urltest.java:16)
at tests.Urltest.launchurl(Urltest.java:16)
at tests.Urltest.launchurl(Urltest.java:16)
at tests.Urltest.launchurl(Urltest.java:16)
at tests.Urltest.launchurl(Urltest.java:16)
at tests.Urltest.launchurl(Urltest.java:16)
at tests.Urltest.launchurl(Urltest.java:16)
at tests.Urltest.launchurl(Urltest.java:16)
at tests.Urltest.launchurl(Urltest.java:16)
at tests.Urltest.launchurl(Urltest.java:16)
at tests.Urltest.launchurl(Urltest.java:16)
at tests.Urltest.launchurl(Urltest.java:16)
at tests.Urltest.launchurl(Urltest.java:16)
at tests.Urltest.launchurl(Urltest.java:16)
at tests.Urltest.launchurl(Urltest.java:16)
at tests.Urltest.launchurl(Urltest.java:16)
at tests.Urltest.launchurl(Urltest.java:16)
at tests.Urltest.launchurl(Urltest.java:16)
at tests.Urltest.launchurl(Urltest.java:16)
at tests.Urltest.launchurl(Urltest.java:16)
at tests.Urltest.launchurl(Urltest.java:16)
at tests.Urltest.launchurl(Urltest.java:16)
at tests.Urltest.launchurl(Urltest.java:16)
at tests.Urltest.launchurl(Urltest.java:16)
at tests.Urltest.launchurl(Urltest.java:16)
at tests.Urltest.launchurl(Urltest.java:16)
at tests.Urltest.launchurl(Urltest.java:16)
at tests.Urltest.launchurl(Urltest.java:16)
at tests.Urltest.launchurl(Urltest.java:16)
at tests.Urltest.launchurl(Urltest.java:16)
at tests.Urltest.launchurl(Urltest.java:16)
at tests.Urltest.launchurl(Urltest.java:16)
at tests.Urltest.launchurl(Urltest.java:16)
at tests.Urltest.launchurl(Urltest.java:16)
at tests.Urltest.launchurl(Urltest.java:16)
at tests.Urltest.launchurl(Urltest.java:16)
at tests.Urltest.launchurl(Urltest.java:16)
at tests.Urltest.launchurl(Urltest.java:16)
at tests.Urltest.launchurl(Urltest.java:16)
at tests.Urltest.launchurl(Urltest.java:16)
at tests.Urltest.launchurl(Urltest.java:16)
at tests.Urltest.launchurl(Urltest.java:16)
at tests.Urltest.launchurl(Urltest.java:16)
at tests.Urltest.launchurl(Urltest.java:16)
at tests.Urltest.launchurl(Urltest.java:16)
at tests.Urltest.launchurl(Urltest.java:16)
at tests.Urltest.launchurl(Urltest.java:16)
at tests.Urltest.launchurl(Urltest.java:16)
at tests.Urltest.launchurl(Urltest.java:16)
at tests.Urltest.launchurl(Urltest.java:16)
at tests.Urltest.launchurl(Urltest.java:16)
at tests.Urltest.launchurl(Urltest.java:16)
at tests.Urltest.launchurl(Urltest.java:16)
at tests.Urltest.launchurl(Urltest.java:16)
at tests.Urltest.launchurl(Urltest.java:16)
at tests.Urltest.launchurl(Urltest.java:16)
at tests.Urltest.launchurl(Urltest.java:16)
at tests.Urltest.launchurl(Urltest.java:16)
at tests.Urltest.launchurl(Urltest.java:16)
at tests.Urltest.launchurl(Urltest.java:16)
at tests.Urltest.launchurl(Urltest.java:16)
at tests.Urltest.launchurl(Urltest.java:16)
at tests.Urltest.launchurl(Urltest.java:16)
at tests.Urltest.launchurl(Urltest.java:16)
at tests.Urltest.launchurl(Urltest.java:16)
at tests.Urltest.launchurl(Urltest.java:16)
at tests.Urltest.launchurl(Urltest.java:16)
at tests.Urltest.launchurl(Urltest.java:16)
at tests.Urltest.launchurl(Urltest.java:16)
at tests.Urltest.launchurl(Urltest.java:16)
at tests.Urltest.launchurl(Urltest.java:16)
at tests.Urltest.launchurl(Urltest.java:16)
at tests.Urltest.launchurl(Urltest.java:16)
at tests.Urltest.launchurl(Urltest.java:16)
at tests.Urltest.launchurl(Urltest.java:16)
at tests.Urltest.launchurl(Urltest.java:16)
at tests.Urltest.launchurl(Urltest.java:16)
at tests.Urltest.launchurl(Urltest.java:16)
at tests.Urltest.launchurl(Urltest.java:16)
at tests.Urltest.launchurl(Urltest.java:16)
at tests.Urltest.launchurl(Urltest.java:16)
at tests.Urltest.launchurl(Urltest.java:16)
at tests.Urltest.launchurl(Urltest.java:16)
at tests.Urltest.launchurl(Urltest.java:16)
at tests.Urltest.launchurl(Urltest.java:16)
at tests.Urltest.launchurl(Urltest.java:16)
at tests.Urltest.launchurl(Urltest.java:16)
at tests.Urltest.launchurl(Urltest.java:16)
at tests.Urltest.launchurl(Urltest.java:16)
at tests.Urltest.launchurl(Urltest.java:16)
at tests.Urltest.launchurl(Urltest.java:16)
at tests.Urltest.launchurl(Urltest.java:16)
at tests.Urltest.launchurl(Urltest.java:16)
at tests.Urltest.launchurl(Urltest.java:16)
at tests.Urltest.launchurl(Urltest.java:16)
at tests.Urltest.launchurl(Urltest.java:16)
at tests.Urltest.launchurl(Urltest.java:16)
at tests.Urltest.launchurl(Urltest.java:16)
at tests.Urltest.launchurl(Urltest.java:16)
at tests.Urltest.launchurl(Urltest.java:16)
at tests.Urltest.launchurl(Urltest.java:16)
at tests.Urltest.launchurl(Urltest.java:16)
at tests.Urltest.launchurl(Urltest.java:16)
at tests.Urltest.launchurl(Urltest.java:16)
at tests.Urltest.launchurl(Urltest.java:16)
at tests.Urltest.launchurl(Urltest.java:16)
at tests.Urltest.launchurl(Urltest.java:16)
at tests.Urltest.launchurl(Urltest.java:16)
at tests.Urltest.launchurl(Urltest.java:16)
at tests.Urltest.launchurl(Urltest.java:16)
at tests.Urltest.launchurl(Urltest.java:16)
at tests.Urltest.launchurl(Urltest.java:16)
at tests.Urltest.launchurl(Urltest.java:16)
at tests.Urltest.launchurl(Urltest.java:16)
at tests.Urltest.launchurl(Urltest.java:16)
at tests.Urltest.launchurl(Urltest.java:16)
at tests.Urltest.launchurl(Urltest.java:16)
at tests.Urltest.launchurl(Urltest.java:16)
at tests.Urltest.launchurl(Urltest.java:16)
at tests.Urltest.launchurl(Urltest.java:16)
at tests.Urltest.launchurl(Urltest.java:16)
at tests.Urltest.launchurl(Urltest.java:16)
at tests.Urltest.launchurl(Urltest.java:16)
at tests.Urltest.launchurl(Urltest.java:16)
at tests.Urltest.launchurl(Urltest.java:16)
at tests.Urltest.launchurl(Urltest.java:16)
at tests.Urltest.launchurl(Urltest.java:16)
at tests.Urltest.launchurl(Urltest.java:16)
at tests.Urltest.launchurl(Urltest.java:16)
at tests.Urltest.launchurl(Urltest.java:16)
at tests.Urltest.launchurl(Urltest.java:16)
at tests.Urltest.launchurl(Urltest.java:16)
at tests.Urltest.launchurl(Urltest.java:16)
at tests.Urltest.launchurl(Urltest.java:16)
at tests.Urltest.launchurl(Urltest.java:16)
at tests.Urltest.launchurl(Urltest.java:16)
at tests.Urltest.launchurl(Urltest.java:16)
at tests.Urltest.launchurl(Urltest.java:16)
at tests.Urltest.launchurl(Urltest.java:16)
at tests.Urltest.launchurl(Urltest.java:16)
at tests.Urltest.launchurl(Urltest.java:16)
at tests.Urltest.launchurl(Urltest.java:16)
at tests.Urltest.launchurl(Urltest.java:16)
at tests.Urltest.launchurl(Urltest.java:16)
at tests.Urltest.launchurl(Urltest.java:16)
at tests.Urltest.launchurl(Urltest.java:16)
at tests.Urltest.launchurl(Urltest.java:16)
at tests.Urltest.launchurl(Urltest.java:16)
at tests.Urltest.launchurl(Urltest.java:16)
at tests.Urltest.launchurl(Urltest.java:16)
at tests.Urltest.launchurl(Urltest.java:16)
at tests.Urltest.launchurl(Urltest.java:16)
at tests.Urltest.launchurl(Urltest.java:16)
at tests.Urltest.launchurl(Urltest.java:16)
at tests.Urltest.launchurl(Urltest.java:16)
at tests.Urltest.launchurl(Urltest.java:16)
at tests.Urltest.launchurl(Urltest.java:16)
at tests.Urltest.launchurl(Urltest.java:16)
at tests.Urltest.launchurl(Urltest.java:16)
at tests.Urltest.launchurl(Urltest.java:16)
at tests.Urltest.launchurl(Urltest.java:16)
at tests.Urltest.launchurl(Urltest.java:16)
at tests.Urltest.launchurl(Urltest.java:16)
at tests.Urltest.launchurl(Urltest.java:16)
at tests.Urltest.launchurl(Urltest.java:16)
at tests.Urltest.launchurl(Urltest.java:16)
at tests.Urltest.launchurl(Urltest.java:16)
at tests.Urltest.launchurl(Urltest.java:16)
at tests.Urltest.launchurl(Urltest.java:16)
at tests.Urltest.launchurl(Urltest.java:16)
at tests.Urltest.launchurl(Urltest.java:16)
at tests.Urltest.launchurl(Urltest.java:16)
at tests.Urltest.launchurl(Urltest.java:16)
at tests.Urltest.launchurl(Urltest.java:16)
at tests.Urltest.launchurl(Urltest.java:16)
at tests.Urltest.launchurl(Urltest.java:16)
at tests.Urltest.launchurl(Urltest.java:16)
at tests.Urltest.launchurl(Urltest.java:16)
at tests.Urltest.launchurl(Urltest.java:16)
at tests.Urltest.launchurl(Urltest.java:16)
at tests.Urltest.launchurl(Urltest.java:16)
at tests.Urltest.launchurl(Urltest.java:16)
at tests.Urltest.launchurl(Urltest.java:16)
at tests.Urltest.launchurl(Urltest.java:16)
at tests.Urltest.launchurl(Urltest.java:16)
at tests.Urltest.launchurl(Urltest.java:16)
at tests.Urltest.launchurl(Urltest.java:16)
at tests.Urltest.launchurl(Urltest.java:16)
at tests.Urltest.launchurl(Urltest.java:16)
at tests.Urltest.launchurl(Urltest.java:16)
at tests.Urltest.launchurl(Urltest.java:16)
at tests.Urltest.launchurl(Urltest.java:16)
at tests.Urltest.launchurl(Urltest.java:16)
at tests.Urltest.launchurl(Urltest.java:16)
at tests.Urltest.launchurl(Urltest.java:16)
at tests.Urltest.launchurl(Urltest.java:16)
at tests.Urltest.launchurl(Urltest.java:16)
at tests.Urltest.launchurl(Urltest.java:16)
at tests.Urltest.launchurl(Urltest.java:16)
at tests.Urltest.launchurl(Urltest.java:16)
at tests.Urltest.launchurl(Urltest.java:16)
at tests.Urltest.launchurl(Urltest.java:16)
at tests.Urltest.launchurl(Urltest.java:16)
at tests.Urltest.launchurl(Urltest.java:16)
at tests.Urltest.launchurl(Urltest.java:16)
at tests.Urltest.launchurl(Urltest.java:16)
at tests.Urltest.launchurl(Urltest.java:16)
at tests.Urltest.launchurl(Urltest.java:16)
at tests.Urltest.launchurl(Urltest.java:16)
at tests.Urltest.launchurl(Urltest.java:16)
at tests.Urltest.launchurl(Urltest.java:16)
at tests.Urltest.launchurl(Urltest.java:16)
at tests.Urltest.launchurl(Urltest.java:16)
at tests.Urltest.launchurl(Urltest.java:16)
at tests.Urltest.launchurl(Urltest.java:16)
at tests.Urltest.launchurl(Urltest.java:16)
at tests.Urltest.launchurl(Urltest.java:16)
at tests.Urltest.launchurl(Urltest.java:16)
at tests.Urltest.launchurl(Urltest.java:16)
at tests.Urltest.launchurl(Urltest.java:16)
at tests.Urltest.launchurl(Urltest.java:16)
at tests.Urltest.launchurl(Urltest.java:16)
at tests.Urltest.launchurl(Urltest.java:16)
at tests.Urltest.launchurl(Urltest.java:16)
at tests.Urltest.launchurl(Urltest.java:16)
at tests.Urltest.launchurl(Urltest.java:16)
at tests.Urltest.launchurl(Urltest.java:16)
at tests.Urltest.launchurl(Urltest.java:16)
at tests.Urltest.launchurl(Urltest.java:16)
at tests.Urltest.launchurl(Urltest.java:16)
at tests.Urltest.launchurl(Urltest.java:16)
at tests.Urltest.launchurl(Urltest.java:16)
at tests.Urltest.launchurl(Urltest.java:16)
at tests.Urltest.launchurl(Urltest.java:16)
at tests.Urltest.launchurl(Urltest.java:16)
at tests.Urltest.launchurl(Urltest.java:16)
at tests.Urltest.launchurl(Urltest.java:16)
at tests.Urltest.launchurl(Urltest.java:16)
at tests.Urltest.launchurl(Urltest.java:16)
at tests.Urltest.launchurl(Urltest.java:16)
at tests.Urltest.launchurl(Urltest.java:16)
at tests.Urltest.launchurl(Urltest.java:16)
at tests.Urltest.launchurl(Urltest.java:16)
at tests.Urltest.launchurl(Urltest.java:16)
at tests.Urltest.launchurl(Urltest.java:16)
at tests.Urltest.launchurl(Urltest.java:16)
at tests.Urltest.launchurl(Urltest.java:16)
at tests.Urltest.launchurl(Urltest.java:16)
at tests.Urltest.launchurl(Urltest.java:16)
at tests.Urltest.launchurl(Urltest.java:16)
at tests.Urltest.launchurl(Urltest.java:16)
at tests.Urltest.launchurl(Urltest.java:16)
at tests.Urltest.launchurl(Urltest.java:16)
at tests.Urltest.launchurl(Urltest.java:16)
at tests.Urltest.launchurl(Urltest.java:16)
at tests.Urltest.launchurl(Urltest.java:16)
at tests.Urltest.launchurl(Urltest.java:16)
at tests.Urltest.launchurl(Urltest.java:16)
at tests.Urltest.launchurl(Urltest.java:16)
at tests.Urltest.launchurl(Urltest.java:16)
at tests.Urltest.launchurl(Urltest.java:16)
at tests.Urltest.launchurl(Urltest.java:16)
at tests.Urltest.launchurl(Urltest.java:16)
at tests.Urltest.launchurl(Urltest.java:16)
at tests.Urltest.launchurl(Urltest.java:16)
at tests.Urltest.launchurl(Urltest.java:16)
at tests.Urltest.launchurl(Urltest.java:16)
at tests.Urltest.launchurl(Urltest.java:16)
at tests.Urltest.launchurl(Urltest.java:16)
at tests.Urltest.launchurl(Urltest.java:16)
at tests.Urltest.launchurl(Urltest.java:16)
at tests.Urltest.launchurl(Urltest.java:16)
at tests.Urltest.launchurl(Urltest.java:16)
at tests.Urltest.launchurl(Urltest.java:16)
at tests.Urltest.launchurl(Urltest.java:16)
at tests.Urltest.launchurl(Urltest.java:16)
at tests.Urltest.launchurl(Urltest.java:16)
at tests.Urltest.launchurl(Urltest.java:16)
at tests.Urltest.launchurl(Urltest.java:16)
at tests.Urltest.launchurl(Urltest.java:16)
at tests.Urltest.launchurl(Urltest.java:16)
at tests.Urltest.launchurl(Urltest.java:16)
at tests.Urltest.launchurl(Urltest.java:16)
at tests.Urltest.launchurl(Urltest.java:16)
at tests.Urltest.launchurl(Urltest.java:16)
at tests.Urltest.launchurl(Urltest.java:16)
at tests.Urltest.launchurl(Urltest.java:16)
at tests.Urltest.launchurl(Urltest.java:16)
at tests.Urltest.launchurl(Urltest.java:16)
at tests.Urltest.launchurl(Urltest.java:16)
at tests.Urltest.launchurl(Urltest.java:16)
at tests.Urltest.launchurl(Urltest.java:16)
at tests.Urltest.launchurl(Urltest.java:16)
at tests.Urltest.launchurl(Urltest.java:16)
at tests.Urltest.launchurl(Urltest.java:16)
at tests.Urltest.launchurl(Urltest.java:16)
at tests.Urltest.launchurl(Urltest.java:16)
at tests.Urltest.launchurl(Urltest.java:16)
at tests.Urltest.launchurl(Urltest.java:16)
at tests.Urltest.launchurl(Urltest.java:16)
at tests.Urltest.launchurl(Urltest.java:16)
at tests.Urltest.launchurl(Urltest.java:16)
at tests.Urltest.launchurl(Urltest.java:16)
at tests.Urltest.launchurl(Urltest.java:16)
at tests.Urltest.launchurl(Urltest.java:16)
at tests.Urltest.launchurl(Urltest.java:16)
at tests.Urltest.launchurl(Urltest.java:16)
at tests.Urltest.launchurl(Urltest.java:16)
at tests.Urltest.launchurl(Urltest.java:16)
at tests.Urltest.launchurl(Urltest.java:16)
at tests.Urltest.launchurl(Urltest.java:16)
at tests.Urltest.launchurl(Urltest.java:16)
at tests.Urltest.launchurl(Urltest.java:16)
at tests.Urltest.launchurl(Urltest.java:16)
at tests.Urltest.launchurl(Urltest.java:16)
at tests.Urltest.launchurl(Urltest.java:16)
at tests.Urltest.launchurl(Urltest.java:16)
at tests.Urltest.launchurl(Urltest.java:16)
at tests.Urltest.launchurl(Urltest.java:16)
at tests.Urltest.launchurl(Urltest.java:16)
at tests.Urltest.launchurl(Urltest.java:16)
at tests.Urltest.launchurl(Urltest.java:16)
at tests.Urltest.launchurl(Urltest.java:16)
at tests.Urltest.launchurl(Urltest.java:16)
at tests.Urltest.launchurl(Urltest.java:16)
at tests.Urltest.launchurl(Urltest.java:16)
at tests.Urltest.launchurl(Urltest.java:16)
at tests.Urltest.launchurl(Urltest.java:16)
at tests.Urltest.launchurl(Urltest.java:16)
at tests.Urltest.launchurl(Urltest.java:16)
at tests.Urltest.launchurl(Urltest.java:16)
at tests.Urltest.launchurl(Urltest.java:16)
at tests.Urltest.launchurl(Urltest.java:16)
at tests.Urltest.launchurl(Urltest.java:16)
at tests.Urltest.launchurl(Urltest.java:16)
at tests.Urltest.launchurl(Urltest.java:16)
at tests.Urltest.launchurl(Urltest.java:16)
at tests.Urltest.launchurl(Urltest.java:16)
at tests.Urltest.launchurl(Urltest.java:16)
at tests.Urltest.launchurl(Urltest.java:16)
at tests.Urltest.launchurl(Urltest.java:16)
at tests.Urltest.launchurl(Urltest.java:16)
at tests.Urltest.launchurl(Urltest.java:16)
at tests.Urltest.launchurl(Urltest.java:16)
at tests.Urltest.launchurl(Urltest.java:16)
at tests.Urltest.launchurl(Urltest.java:16)
at tests.Urltest.launchurl(Urltest.java:16)
at tests.Urltest.launchurl(Urltest.java:16)
at tests.Urltest.launchurl(Urltest.java:16)
at tests.Urltest.launchurl(Urltest.java:16)
at tests.Urltest.launchurl(Urltest.java:16)
at tests.Urltest.launchurl(Urltest.java:16)
at tests.Urltest.launchurl(Urltest.java:16)
at tests.Urltest.launchurl(Urltest.java:16)
at tests.Urltest.launchurl(Urltest.java:16)
at tests.Urltest.launchurl(Urltest.java:16)
at tests.Urltest.launchurl(Urltest.java:16)
at tests.Urltest.launchurl(Urltest.java:16)
at tests.Urltest.launchurl(Urltest.java:16)
at tests.Urltest.launchurl(Urltest.java:16)
at tests.Urltest.launchurl(Urltest.java:16)
at tests.Urltest.launchurl(Urltest.java:16)
at tests.Urltest.launchurl(Urltest.java:16)
at tests.Urltest.launchurl(Urltest.java:16)
at tests.Urltest.launchurl(Urltest.java:16)
at tests.Urltest.launchurl(Urltest.java:16)
at tests.Urltest.launchurl(Urltest.java:16)
at tests.Urltest.launchurl(Urltest.java:16)
at tests.Urltest.launchurl(Urltest.java:16)
at tests.Urltest.launchurl(Urltest.java:16)
at tests.Urltest.launchurl(Urltest.java:16)
at tests.Urltest.launchurl(Urltest.java:16)
at tests.Urltest.launchurl(Urltest.java:16)
at tests.Urltest.launchurl(Urltest.java:16)
at tests.Urltest.launchurl(Urltest.java:16)
at tests.Urltest.launchurl(Urltest.java:16)
at tests.Urltest.launchurl(Urltest.java:16)
at tests.Urltest.launchurl(Urltest.java:16)
at tests.Urltest.launchurl(Urltest.java:16)
at tests.Urltest.launchurl(Urltest.java:16)
at tests.Urltest.launchurl(Urltest.java:16)
at tests.Urltest.launchurl(Urltest.java:16)
at tests.Urltest.launchurl(Urltest.java:16)
at tests.Urltest.launchurl(Urltest.java:16)
at tests.Urltest.launchurl(Urltest.java:16)
at tests.Urltest.launchurl(Urltest.java:16)
at tests.Urltest.launchurl(Urltest.java:16)
at tests.Urltest.launchurl(Urltest.java:16)
at tests.Urltest.launchurl(Urltest.java:16)
at tests.Urltest.launchurl(Urltest.java:16)
at tests.Urltest.launchurl(Urltest.java:16)
at tests.Urltest.launchurl(Urltest.java:16)
at tests.Urltest.launchurl(Urltest.java:16)
at tests.Urltest.launchurl(Urltest.java:16)
at tests.Urltest.launchurl(Urltest.java:16)
at tests.Urltest.launchurl(Urltest.java:16)
at tests.Urltest.launchurl(Urltest.java:16)
at tests.Urltest.launchurl(Urltest.java:16)
at tests.Urltest.launchurl(Urltest.java:16)
at tests.Urltest.launchurl(Urltest.java:16)
at tests.Urltest.launchurl(Urltest.java:16)
at tests.Urltest.launchurl(Urltest.java:16)
at tests.Urltest.launchurl(Urltest.java:16)
at tests.Urltest.launchurl(Urltest.java:16)
at tests.Urltest.launchurl(Urltest.java:16)
at tests.Urltest.launchurl(Urltest.java:16)
at tests.Urltest.launchurl(Urltest.java:16)
at tests.Urltest.launchurl(Urltest.java:16)
at tests.Urltest.launchurl(Urltest.java:16)
at tests.Urltest.launchurl(Urltest.java:16)
at tests.Urltest.launchurl(Urltest.java:16)
at tests.Urltest.launchurl(Urltest.java:16)
at tests.Urltest.launchurl(Urltest.java:16)
at tests.Urltest.launchurl(Urltest.java:16)
at tests.Urltest.launchurl(Urltest.java:16)
at tests.Urltest.launchurl(Urltest.java:16)
at tests.Urltest.launchurl(Urltest.java:16)
at tests.Urltest.launchurl(Urltest.java:16)
at tests.Urltest.launchurl(Urltest.java:16)
at tests.Urltest.launchurl(Urltest.java:16)
at tests.Urltest.launchurl(Urltest.java:16)
at tests.Urltest.launchurl(Urltest.java:16)
at tests.Urltest.launchurl(Urltest.java:16)
at tests.Urltest.launchurl(Urltest.java:16)
at tests.Urltest.launchurl(Urltest.java:16)
at tests.Urltest.launchurl(Urltest.java:16)
at tests.Urltest.launchurl(Urltest.java:16)
at tests.Urltest.launchurl(Urltest.java:16)
at tests.Urltest.launchurl(Urltest.java:16)
at tests.Urltest.launchurl(Urltest.java:16)
at tests.Urltest.launchurl(Urltest.java:16)
at tests.Urltest.launchurl(Urltest.java:16)
at tests.Urltest.launchurl(Urltest.java:16)
at tests.Urltest.launchurl(Urltest.java:16)
at tests.Urltest.launchurl(Urltest.java:16)
at tests.Urltest.launchurl(Urltest.java:16)
at tests.Urltest.launchurl(Urltest.java:16)
at tests.Urltest.launchurl(Urltest.java:16)
at tests.Urltest.launchurl(Urltest.java:16)
at tests.Urltest.launchurl(Urltest.java:16)
at tests.Urltest.launchurl(Urltest.java:16)
at tests.Urltest.launchurl(Urltest.java:16)
at tests.Urltest.launchurl(Urltest.java:16)
at tests.Urltest.launchurl(Urltest.java:16)
at tests.Urltest.launchurl(Urltest.java:16)
at tests.Urltest.launchurl(Urltest.java:16)
at tests.Urltest.launchurl(Urltest.java:16)
at tests.Urltest.launchurl(Urltest.java:16)
at tests.Urltest.launchurl(Urltest.java:16)
at tests.Urltest.launchurl(Urltest.java:16)
at tests.Urltest.launchurl(Urltest.java:16)
at tests.Urltest.launchurl(Urltest.java:16)
at tests.Urltest.launchurl(Urltest.java:16)
at tests.Urltest.launchurl(Urltest.java:16)
at tests.Urltest.launchurl(Urltest.java:16)
at tests.Urltest.launchurl(Urltest.java:16)
at tests.Urltest.launchurl(Urltest.java:16)
at tests.Urltest.launchurl(Urltest.java:16)
at tests.Urltest.launchurl(Urltest.java:16)
at tests.Urltest.launchurl(Urltest.java:16)
at tests.Urltest.launchurl(Urltest.java:16)
at tests.Urltest.launchurl(Urltest.java:16)
at tests.Urltest.launchurl(Urltest.java:16)
at tests.Urltest.launchurl(Urltest.java:16)
at tests.Urltest.launchurl(Urltest.java:16)
at tests.Urltest.launchurl(Urltest.java:16)
at tests.Urltest.launchurl(Urltest.java:16)
at tests.Urltest.launchurl(Urltest.java:16)
at tests.Urltest.launchurl(Urltest.java:16)
at tests.Urltest.launchurl(Urltest.java:16)
at tests.Urltest.launchurl(Urltest.java:16)
at tests.Urltest.launchurl(Urltest.java:16)
at tests.Urltest.launchurl(Urltest.java:16)
at tests.Urltest.launchurl(Urltest.java:16)
at tests.Urltest.launchurl(Urltest.java:16)
at tests.Urltest.launchurl(Urltest.java:16)
at tests.Urltest.launchurl(Urltest.java:16)
at tests.Urltest.launchurl(Urltest.java:16)
at tests.Urltest.launchurl(Urltest.java:16)
at tests.Urltest.launchurl(Urltest.java:16)
at tests.Urltest.launchurl(Urltest.java:16)
at tests.Urltest.launchurl(Urltest.java:16)
at tests.Urltest.launchurl(Urltest.java:16)
at tests.Urltest.launchurl(Urltest.java:16)
at tests.Urltest.launchurl(Urltest.java:16)
at tests.Urltest.launchurl(Urltest.java:16)
at tests.Urltest.launchurl(Urltest.java:16)
at tests.Urltest.launchurl(Urltest.java:16)
at tests.Urltest.launchurl(Urltest.java:16)
at tests.Urltest.launchurl(Urltest.java:16)
at tests.Urltest.launchurl(Urltest.java:16)
at tests.Urltest.launchurl(Urltest.java:16)
at tests.Urltest.launchurl(Urltest.java:16)
at tests.Urltest.launchurl(Urltest.java:16)
at tests.Urltest.launchurl(Urltest.java:16)
at tests.Urltest.launchurl(Urltest.java:16)
at tests.Urltest.launchurl(Urltest.java:16)
at tests.Urltest.launchurl(Urltest.java:16)
at tests.Urltest.launchurl(Urltest.java:16)
at tests.Urltest.launchurl(Urltest.java:16)
at tests.Urltest.launchurl(Urltest.java:16)
at tests.Urltest.launchurl(Urltest.java:16)
at tests.Urltest.launchurl(Urltest.java:16)
at tests.Urltest.launchurl(Urltest.java:16)
at tests.Urltest.launchurl(Urltest.java:16)
at tests.Urltest.launchurl(Urltest.java:16)
at tests.Urltest.launchurl(Urltest.java:16)
at tests.Urltest.launchurl(Urltest.java:16)
at tests.Urltest.launchurl(Urltest.java:16)
at tests.Urltest.launchurl(Urltest.java:16)
at tests.Urltest.launchurl(Urltest.java:16)
at tests.Urltest.launchurl(Urltest.java:16)
at tests.Urltest.launchurl(Urltest.java:16)
at tests.Urltest.launchurl(Urltest.java:16)
at tests.Urltest.launchurl(Urltest.java:16)
at tests.Urltest.launchurl(Urltest.java:16)
at tests.Urltest.launchurl(Urltest.java:16)
at tests.Urltest.launchurl(Urltest.java:16)
at tests.Urltest.launchurl(Urltest.java:16)
at tests.Urltest.launchurl(Urltest.java:16)
at tests.Urltest.launchurl(Urltest.java:16)
at tests.Urltest.launchurl(Urltest.java:16)
at tests.Urltest.launchurl(Urltest.java:16)
at tests.Urltest.launchurl(Urltest.java:16)
at tests.Urltest.launchurl(Urltest.java:16)
at tests.Urltest.launchurl(Urltest.java:16)
at tests.Urltest.launchurl(Urltest.java:16)
at tests.Urltest.launchurl(Urltest.java:16)
at tests.Urltest.launchurl(Urltest.java:16)
at tests.Urltest.launchurl(Urltest.java:16)
at tests.Urltest.launchurl(Urltest.java:16)
at tests.Urltest.launchurl(Urltest.java:16)
at tests.Urltest.launchurl(Urltest.java:16)
at tests.Urltest.launchurl(Urltest.java:16)
at tests.Urltest.launchurl(Urltest.java:16)
at tests.Urltest.launchurl(Urltest.java:16)
at tests.Urltest.launchurl(Urltest.java:16)
at tests.Urltest.launchurl(Urltest.java:16)
at tests.Urltest.launchurl(Urltest.java:16)
at tests.Urltest.launchurl(Urltest.java:16)
at tests.Urltest.launchurl(Urltest.java:16)
at tests.Urltest.launchurl(Urltest.java:16)
at tests.Urltest.launchurl(Urltest.java:16)
at tests.Urltest.launchurl(Urltest.java:16)
at tests.Urltest.launchurl(Urltest.java:16)
at tests.Urltest.launchurl(Urltest.java:16)
at tests.Urltest.launchurl(Urltest.java:16)
at tests.Urltest.launchurl(Urltest.java:16)
at tests.Urltest.launchurl(Urltest.java:16)
at tests.Urltest.launchurl(Urltest.java:16)
at tests.Urltest.launchurl(Urltest.java:16)
at tests.Urltest.launchurl(Urltest.java:16)
at tests.Urltest.launchurl(Urltest.java:16)
at tests.Urltest.launchurl(Urltest.java:16)
at tests.Urltest.launchurl(Urltest.java:16)
at tests.Urltest.launchurl(Urltest.java:16)
at tests.Urltest.launchurl(Urltest.java:16)
at tests.Urltest.launchurl(Urltest.java:16)
at tests.Urltest.launchurl(Urltest.java:16)
at tests.Urltest.launchurl(Urltest.java:16)
at tests.Urltest.launchurl(Urltest.java:16)
at tests.Urltest.launchurl(Urltest.java:16)
at tests.Urltest.launchurl(Urltest.java:16)
at tests.Urltest.launchurl(Urltest.java:16)
at tests.Urltest.launchurl(Urltest.java:16)
at tests.Urltest.launchurl(Urltest.java:16)
at tests.Urltest.launchurl(Urltest.java:16)
at tests.Urltest.launchurl(Urltest.java:16)
at tests.Urltest.launchurl(Urltest.java:16)
at tests.Urltest.launchurl(Urltest.java:16)
at tests.Urltest.launchurl(Urltest.java:16)
at tests.Urltest.launchurl(Urltest.java:16)
at tests.Urltest.launchurl(Urltest.java:16)
at tests.Urltest.launchurl(Urltest.java:16)
at tests.Urltest.launchurl(Urltest.java:16)
at tests.Urltest.launchurl(Urltest.java:16)
at tests.Urltest.launchurl(Urltest.java:16)
at tests.Urltest.launchurl(Urltest.java:16)
at tests.Urltest.launchurl(Urltest.java:16)
at tests.Urltest.launchurl(Urltest.java:16)
at tests.Urltest.launchurl(Urltest.java:16)
at tests.Urltest.launchurl(Urltest.java:16)
at tests.Urltest.launchurl(Urltest.java:16)
at tests.Urltest.launchurl(Urltest.java:16)
at tests.Urltest.launchurl(Urltest.java:16)
at tests.Urltest.launchurl(Urltest.java:16)
at tests.Urltest.launchurl(Urltest.java:16)
at tests.Urltest.launchurl(Urltest.java:16)
at tests.Urltest.launchurl(Urltest.java:16)
at tests.Urltest.launchurl(Urltest.java:16)
at tests.Urltest.launchurl(Urltest.java:16)
at tests.Urltest.launchurl(Urltest.java:16)
at tests.Urltest.launchurl(Urltest.java:16)
at tests.Urltest.launchurl(Urltest.java:16)
at tests.Urltest.launchurl(Urltest.java:16)
at tests.Urltest.launchurl(Urltest.java:16)
at tests.Urltest.launchurl(Urltest.java:16)
at tests.Urltest.launchurl(Urltest.java:16)
at tests.Urltest.launchurl(Urltest.java:16)
at tests.Urltest.launchurl(Urltest.java:16)
at tests.Urltest.launchurl(Urltest.java:16)
at tests.Urltest.launchurl(Urltest.java:16)
at tests.Urltest.launchurl(Urltest.java:16)
at tests.Urltest.launchurl(Urltest.java:16)
at tests.Urltest.launchurl(Urltest.java:16)
at tests.Urltest.launchurl(Urltest.java:16)
at tests.Urltest.launchurl(Urltest.java:16)
at tests.Urltest.launchurl(Urltest.java:16)
at tests.Urltest.launchurl(Urltest.java:16)
at tests.Urltest.launchurl(Urltest.java:16)
at tests.Urltest.launchurl(Urltest.java:16)
at tests.Urltest.launchurl(Urltest.java:16)
at tests.Urltest.launchurl(Urltest.java:16)
at tests.Urltest.launchurl(Urltest.java:16)
at tests.Urltest.launchurl(Urltest.java:16)
at tests.Urltest.launchurl(Urltest.java:16)
at tests.Urltest.launchurl(Urltest.java:16)
at tests.Urltest.launchurl(Urltest.java:16)
at tests.Urltest.launchurl(Urltest.java:16)
at tests.Urltest.launchurl(Urltest.java:16)
at tests.Urltest.launchurl(Urltest.java:16)
at tests.Urltest.launchurl(Urltest.java:16)
at tests.Urltest.launchurl(Urltest.java:16)
at tests.Urltest.launchurl(Urltest.java:16)
at tests.Urltest.launchurl(Urltest.java:16)
at tests.Urltest.launchurl(Urltest.java:16)
at tests.Urltest.launchurl(Urltest.java:16)
at tests.Urltest.launchurl(Urltest.java:16)
at tests.Urltest.launchurl(Urltest.java:16)
at tests.Urltest.launchurl(Urltest.java:16)
at tests.Urltest.launchurl(Urltest.java:16)
at tests.Urltest.launchurl(Urltest.java:16)
at tests.Urltest.launchurl(Urltest.java:16)
at tests.Urltest.launchurl(Urltest.java:16)
at tests.Urltest.launchurl(Urltest.java:16)
at tests.Urltest.launchurl(Urltest.java:16)
at tests.Urltest.launchurl(Urltest.java:16)
at tests.Urltest.launchurl(Urltest.java:16)
at tests.Urltest.launchurl(Urltest.java:16)
at tests.Urltest.launchurl(Urltest.java:16)
at tests.Urltest.launchurl(Urltest.java:16)
at tests.Urltest.launchurl(Urltest.java:16)
at tests.Urltest.launchurl(Urltest.java:16)
at tests.Urltest.launchurl(Urltest.java:16)
at tests.Urltest.launchurl(Urltest.java:16)
at tests.Urltest.launchurl(Urltest.java:16)
at tests.Urltest.launchurl(Urltest.java:16)
at tests.Urltest.launchurl(Urltest.java:16)
at tests.Urltest.launchurl(Urltest.java:16)
at tests.Urltest.launchurl(Urltest.java:16)
at tests.Urltest.launchurl(Urltest.java:16)
at tests.Urltest.launchurl(Urltest.java:16)
at tests.Urltest.launchurl(Urltest.java:16)
at tests.Urltest.launchurl(Urltest.java:16)
at tests.Urltest.launchurl(Urltest.java:16)
at tests.Urltest.launchurl(Urltest.java:16)
at tests.Urltest.launchurl(Urltest.java:16)
at tests.Urltest.launchurl(Urltest.java:16)
at tests.Urltest.launchurl(Urltest.java:16)
at tests.Urltest.launchurl(Urltest.java:16)
at tests.Urltest.launchurl(Urltest.java:16)
at tests.Urltest.launchurl(Urltest.java:16)
at tests.Urltest.launchurl(Urltest.java:16)
at tests.Urltest.launchurl(Urltest.java:16)
at tests.Urltest.launchurl(Urltest.java:16)
at tests.Urltest.launchurl(Urltest.java:16)
at tests.Urltest.launchurl(Urltest.java:16)
at tests.Urltest.launchurl(Urltest.java:16)
at tests.Urltest.launchurl(Urltest.java:16)
at tests.Urltest.launchurl(Urltest.java:16)
at tests.Urltest.launchurl(Urltest.java:16)
at tests.Urltest.launchurl(Urltest.java:16)
at tests.Urltest.launchurl(Urltest.java:16)
at tests.Urltest.launchurl(Urltest.java:16)
at tests.Urltest.launchurl(Urltest.java:16)
at tests.Urltest.launchurl(Urltest.java:16)
at tests.Urltest.launchurl(Urltest.java:16)
at tests.Urltest.launchurl(Urltest.java:16)
at tests.Urltest.launchurl(Urltest.java:16)
at tests.Urltest.launchurl(Urltest.java:16)
at tests.Urltest.launchurl(Urltest.java:16)
at tests.Urltest.launchurl(Urltest.java:16)
at tests.Urltest.launchurl(Urltest.java:16)
at tests.Urltest.launchurl(Urltest.java:16)
at tests.Urltest.launchurl(Urltest.java:16)
at tests.Urltest.launchurl(Urltest.java:16)
at tests.Urltest.launchurl(Urltest.java:16)
at tests.Urltest.launchurl(Urltest.java:16)
at tests.Urltest.launchurl(Urltest.java:16)
at tests.Urltest.launchurl(Urltest.java:16)
at tests.Urltest.launchurl(Urltest.java:16)
at tests.Urltest.launchurl(Urltest.java:16)
at tests.Urltest.launchurl(Urltest.java:16)
at tests.Urltest.launchurl(Urltest.java:16)
at tests.Urltest.launchurl(Urltest.java:16)
at tests.Urltest.launchurl(Urltest.java:16)
at tests.Urltest.launchurl(Urltest.java:16)
at tests.Urltest.launchurl(Urltest.java:16)
at tests.Urltest.launchurl(Urltest.java:16)
at tests.Urltest.launchurl(Urltest.java:16)
at tests.Urltest.launchurl(Urltest.java:16)
at tests.Urltest.launchurl(Urltest.java:16)
at tests.Urltest.launchurl(Urltest.java:16)
at tests.Urltest.launchurl(Urltest.java:16)
at tests.Urltest.launchurl(Urltest.java:16)
at tests.Urltest.launchurl(Urltest.java:16)
at tests.Urltest.launchurl(Urltest.java:16)
at tests.Urltest.launchurl(Urltest.java:16)
at tests.Urltest.launchurl(Urltest.java:16)
at tests.Urltest.launchurl(Urltest.java:16)
at tests.Urltest.launchurl(Urltest.java:16)
at tests.Urltest.launchurl(Urltest.java:16)
at tests.Urltest.launchurl(Urltest.java:16)
at tests.Urltest.launchurl(Urltest.java:16)
at tests.Urltest.launchurl(Urltest.java:16)
at tests.Urltest.launchurl(Urltest.java:16)
at tests.Urltest.launchurl(Urltest.java:16)
at tests.Urltest.launchurl(Urltest.java:16)
at tests.Urltest.launchurl(Urltest.java:16)
at tests.Urltest.launchurl(Urltest.java:16)
at tests.Urltest.launchurl(Urltest.java:16)
at tests.Urltest.launchurl(Urltest.java:16)
at tests.Urltest.launchurl(Urltest.java:16)
at tests.Urltest.launchurl(Urltest.java:16)
at tests.Urltest.launchurl(Urltest.java:16)
at tests.Urltest.launchurl(Urltest.java:16)
at tests.Urltest.launchurl(Urltest.java:16)
at tests.Urltest.launchurl(Urltest.java:16)
at tests.Urltest.launchurl(Urltest.java:16)
at tests.Urltest.launchurl(Urltest.java:16)
at tests.Urltest.launchurl(Urltest.java:16)
at tests.Urltest.launchurl(Urltest.java:16)
at tests.Urltest.launchurl(Urltest.java:16)
at tests.Urltest.launchurl(Urltest.java:16)
at tests.Urltest.launchurl(Urltest.java:16)
at tests.Urltest.launchurl(Urltest.java:16)
at tests.Urltest.launchurl(Urltest.java:16)
at tests.Urltest.launchurl(Urltest.java:16)
at tests.Urltest.launchurl(Urltest.java:16)
at tests.Urltest.launchurl(Urltest.java:16)
at tests.Urltest.launchurl(Urltest.java:16)
at tests.Urltest.launchurl(Urltest.java:16)
at tests.Urltest.launchurl(Urltest.java:16)
at tests.Urltest.launchurl(Urltest.java:16)
at tests.Urltest.launchurl(Urltest.java:16)
at tests.Urltest.launchurl(Urltest.java:16)
at tests.Urltest.launchurl(Urltest.java:16)
at tests.Urltest.launchurl(Urltest.java:16)
at tests.Urltest.launchurl(Urltest.java:16)
at tests.Urltest.launchurl(Urltest.java:16)
at tests.Urltest.launchurl(Urltest.java:16)
at tests.Urltest.launchurl(Urltest.java:16)
at tests.Urltest.launchurl(Urltest.java:16)
at tests.Urltest.launchurl(Urltest.java:16)
at tests.Urltest.launchurl(Urltest.java:16)
at tests.Urltest.launchurl(Urltest.java:16)
at tests.Urltest.launchurl(Urltest.java:16)
at tests.Urltest.launchurl(Urltest.java:16)
at tests.Urltest.launchurl(Urltest.java:16)
at tests.Urltest.launchurl(Urltest.java:16)
at tests.Urltest.launchurl(Urltest.java:16)
at tests.Urltest.launchurl(Urltest.java:16)
at tests.Urltest.launchurl(Urltest.java:16)
at tests.Urltest.launchurl(Urltest.java:16)
at tests.Urltest.launchurl(Urltest.java:16)
at tests.Urltest.launchurl(Urltest.java:16)
at tests.Urltest.launchurl(Urltest.java:16)
at tests.Urltest.launchurl(Urltest.java:16)
at tests.Urltest.launchurl(Urltest.java:16)
at tests.Urltest.launchurl(Urltest.java:16)
at tests.Urltest.launchurl(Urltest.java:16)
at tests.Urltest.launchurl(Urltest.java:16)
at tests.Urltest.launchurl(Urltest.java:16)
at tests.Urltest.launchurl(Urltest.java:16)
at tests.Urltest.launchurl(Urltest.java:16)
at tests.Urltest.launchurl(Urltest.java:16)
at tests.Urltest.launchurl(Urltest.java:16)
at tests.Urltest.launchurl(Urltest.java:16)
at tests.Urltest.launchurl(Urltest.java:16)
at tests.Urltest.launchurl(Urltest.java:16)
at tests.Urltest.launchurl(Urltest.java:16)
at tests.Urltest.launchurl(Urltest.java:16)
at tests.Urltest.launchurl(Urltest.java:16)
at tests.Urltest.launchurl(Urltest.java:16)
at tests.Urltest.launchurl(Urltest.java:16)
at tests.Urltest.launchurl(Urltest.java:16)
at tests.Urltest.launchurl(Urltest.java:16)
at tests.Urltest.launchurl(Urltest.java:16)
at tests.Urltest.launchurl(Urltest.java:16)
at tests.Urltest.launchurl(Urltest.java:16)
at tests.Urltest.launchurl(Urltest.java:16)
at tests.Urltest.launchurl(Urltest.java:16)
at tests.Urltest.launchurl(Urltest.java:16)
at tests.Urltest.launchurl(Urltest.java:16)
at tests.Urltest.launchurl(Urltest.java:16)
at tests.Urltest.launchurl(Urltest.java:16)
at tests.Urltest.launchurl(Urltest.java:16)
at tests.Urltest.launchurl(Urltest.java:16)
at tests.Urltest.launchurl(Urltest.java:16)
at tests.Urltest.launchurl(Urltest.java:16)
at tests.Urltest.launchurl(Urltest.java:16)
at tests.Urltest.launchurl(Urltest.java:16)
at tests.Urltest.launchurl(Urltest.java:16)
at tests.Urltest.launchurl(Urltest.java:16)
at tests.Urltest.launchurl(Urltest.java:16)
at tests.Urltest.launchurl(Urltest.java:16)
at tests.Urltest.launchurl(Urltest.java:16)
at tests.Urltest.launchurl(Urltest.java:16)
at tests.Urltest.launchurl(Urltest.java:16)
at tests.Urltest.launchurl(Urltest.java:16)
at tests.Urltest.launchurl(Urltest.java:16)
at tests.Urltest.launchurl(Urltest.java:16)
at tests.Urltest.launchurl(Urltest.java:16)
at tests.Urltest.launchurl(Urltest.java:16)
at tests.Urltest.launchurl(Urltest.java:16)
at tests.Urltest.launchurl(Urltest.java:16)
at tests.Urltest.launchurl(Urltest.java:16)
at tests.Urltest.launchurl(Urltest.java:16)
at tests.Urltest.launchurl(Urltest.java:16)
at tests.Urltest.launchurl(Urltest.java:16)
at tests.Urltest.launchurl(Urltest.java:16)
at tests.Urltest.launchurl(Urltest.java:16)
at tests.Urltest.launchurl(Urltest.java:16)
at tests.Urltest.launchurl(Urltest.java:16)
at tests.Urltest.launchurl(Urltest.java:16)
at tests.Urltest.launchurl(Urltest.java:16)
at tests.Urltest.launchurl(Urltest.java:16)
at tests.Urltest.launchurl(Urltest.java:16)
at tests.Urltest.launchurl(Urltest.java:16)
at tests.Urltest.launchurl(Urltest.java:16)
at tests.Urltest.launchurl(Urltest.java:16)
at tests.Urltest.launchurl(Urltest.java:16)
at tests.Urltest.launchurl(Urltest.java:16)
at tests.Urltest.launchurl(Urltest.java:16)
at tests.Urltest.launchurl(Urltest.java:16)
at tests.Urltest.launchurl(Urltest.java:16)
at tests.Urltest.launchurl(Urltest.java:16)
at tests.Urltest.launchurl(Urltest.java:16)
at tests.Urltest.launchurl(Urltest.java:16)
at tests.Urltest.launchurl(Urltest.java:16)
at tests.Urltest.launchurl(Urltest.java:16)
at tests.Urltest.launchurl(Urltest.java:16)
at tests.Urltest.launchurl(Urltest.java:16)
at tests.Urltest.launchurl(Urltest.java:16)
at tests.Urltest.launchurl(Urltest.java:16)
at tests.Urltest.launchurl(Urltest.java:16)
at tests.Urltest.launchurl(Urltest.java:16)
at tests.Urltest.launchurl(Urltest.java:16)
at tests.Urltest.launchurl(Urltest.java:16)
at tests.Urltest.launchurl(Urltest.java:16)
at tests.Urltest.launchurl(Urltest.java:16)
at tests.Urltest.launchurl(Urltest.java:16)
at tests.Urltest.launchurl(Urltest.java:16)
at tests.Urltest.launchurl(Urltest.java:16)
at tests.Urltest.launchurl(Urltest.java:16)
at tests.Urltest.launchurl(Urltest.java:16)
at tests.Urltest.launchurl(Urltest.java:16)
at tests.Urltest.launchurl(Urltest.java:16)
at tests.Urltest.launchurl(Urltest.java:16)
at tests.Urltest.launchurl(Urltest.java:16)
at tests.Urltest.launchurl(Urltest.java:16)
at tests.Urltest.launchurl(Urltest.java:16)
at tests.Urltest.launchurl(Urltest.java:16)
at tests.Urltest.launchurl(Urltest.java:16)
at tests.Urltest.launchurl(Urltest.java:16)
at tests.Urltest.launchurl(Urltest.java:16)
at tests.Urltest.launchurl(Urltest.java:16)
at tests.Urltest.launchurl(Urltest.java:16)
at tests.Urltest.launchurl(Urltest.java:16)
at tests.Urltest.launchurl(Urltest.java:16)
at tests.Urltest.launchurl(Urltest.java:16)
at tests.Urltest.launchurl(Urltest.java:16)
at tests.Urltest.launchurl(Urltest.java:16)
at tests.Urltest.launchurl(Urltest.java:16)
]]>
            </full-stacktrace>
          </exception> <!-- java.lang.StackOverflowError -->
          <reporter-output>
          </reporter-output>
        </test-method> <!-- clickonclose -->
      </class> <!-- tests.Urltest -->
    </test> <!-- Default test -->
  </suite> <!-- Default suite -->
</testng-results>
