<?xml version="1.0" encoding="UTF-8"?>
<!-- Generated by org.testng.reporters.JUnitReportReporter -->
<testsuite hostname="DESKTOP-J8UM1B9" failures="0" tests="2" name="tests.Urltest" time="0.208" errors="1" timestamp="2025-06-24T14:53:19 IST" skipped="1">
  <testcase classname="tests.Urltest" name="launchurl" time="0.208">
    <error type="java.lang.StackOverflowError">
      <![CDATA[java.lang.StackOverflowError
at java.base/jdk.internal.reflect.Reflection.verifyMemberAccess(Reflection.java:150)
at java.base/java.lang.reflect.AccessibleObject.slowVerifyAccess(AccessibleObject.java:750)
at java.base/java.lang.reflect.AccessibleObject.verifyAccess(AccessibleObject.java:736)
at java.base/java.lang.reflect.AccessibleObject.checkAccess(AccessibleObject.java:708)
at java.base/java.lang.reflect.Constructor.newInstanceWithCaller(Constructor.java:494)
at java.base/java.lang.reflect.Constructor.newInstance(Constructor.java:485)
at org.openqa.selenium.support.pagefactory.Annotations.buildBy(Annotations.java:76)
at org.openqa.selenium.support.pagefactory.DefaultElementLocator.<init>(DefaultElementLocator.java:58)
at org.openqa.selenium.support.pagefactory.DefaultElementLocator.<init>(DefaultElementLocator.java:46)
at org.openqa.selenium.support.pagefactory.DefaultElementLocatorFactory.createLocator(DefaultElementLocatorFactory.java:32)
at org.openqa.selenium.support.pagefactory.DefaultFieldDecorator.decorate(DefaultFieldDecorator.java:55)
at org.openqa.selenium.support.PageFactory.proxyFields(PageFactory.java:109)
at org.openqa.selenium.support.PageFactory.initElements(PageFactory.java:101)
at org.openqa.selenium.support.PageFactory.initElements(PageFactory.java:88)
at org.openqa.selenium.support.PageFactory.initElements(PageFactory.java:76)
at pages.Loginpage.<init>(Loginpage.java:13)
at tests.Urltest.launchurl(Urltest.java:15)
at tests.Urltest.launchurl(Urltest.java:16)
at tests.Urltest.launchurl(Urltest.java:16)
at tests.Urltest.launchurl(Urltest.java:16)
at tests.Urltest.launchurl(Urltest.java:16)
at tests.Urltest.launchurl(Urltest.java:16)
at tests.Urltest.launchurl(Urltest.java:16)
at tests.Urltest.launchurl(Urltest.java:16)
at tests.Urltest.launchurl(Urltest.java:16)
at tests.Urltest.launchurl(Urltest.java:16)
at tests.Urltest.launchurl(Urltest.java:16)
at tests.Urltest.launchurl(Urltest.java:16)
at tests.Urltest.launchurl(Urltest.java:16)
at tests.Urltest.launchurl(Urltest.java:16)
at tests.Urltest.launchurl(Urltest.java:16)
at tests.Urltest.launchurl(Urltest.java:16)
at tests.Urltest.launchurl(Urltest.java:16)
at tests.Urltest.launchurl(Urltest.java:16)
at tests.Urltest.launchurl(Urltest.java:16)
at tests.Urltest.launchurl(Urltest.java:16)
at tests.Urltest.launchurl(Urltest.java:16)
at tests.Urltest.launchurl(Urltest.java:16)
at tests.Urltest.launchurl(Urltest.java:16)
at tests.Urltest.launchurl(Urltest.java:16)
at tests.Urltest.launchurl(Urltest.java:16)
at tests.Urltest.launchurl(Urltest.java:16)
at tests.Urltest.launchurl(Urltest.java:16)
at tests.Urltest.launchurl(Urltest.java:16)
at tests.Urltest.launchurl(Urltest.java:16)
at tests.Urltest.launchurl(Urltest.java:16)
at tests.Urltest.launchurl(Urltest.java:16)
at tests.Urltest.launchurl(Urltest.java:16)
at tests.Urltest.launchurl(Urltest.java:16)
at tests.Urltest.launchurl(Urltest.java:16)
at tests.Urltest.launchurl(Urltest.java:16)
at tests.Urltest.launchurl(Urltest.java:16)
at tests.Urltest.launchurl(Urltest.java:16)
at tests.Urltest.launchurl(Urltest.java:16)
at tests.Urltest.launchurl(Urltest.java:16)
at tests.Urltest.launchurl(Urltest.java:16)
at tests.Urltest.launchurl(Urltest.java:16)
at tests.Urltest.launchurl(Urltest.java:16)
at tests.Urltest.launchurl(Urltest.java:16)
at tests.Urltest.launchurl(Urltest.java:16)
at tests.Urltest.launchurl(Urltest.java:16)
at tests.Urltest.launchurl(Urltest.java:16)
at tests.Urltest.launchurl(Urltest.java:16)
at tests.Urltest.launchurl(Urltest.java:16)
at tests.Urltest.launchurl(Urltest.java:16)
at tests.Urltest.launchurl(Urltest.java:16)
at tests.Urltest.launchurl(Urltest.java:16)
at tests.Urltest.launchurl(Urltest.java:16)
at tests.Urltest.launchurl(Urltest.java:16)
at tests.Urltest.launchurl(Urltest.java:16)
at tests.Urltest.launchurl(Urltest.java:16)
at tests.Urltest.launchurl(Urltest.java:16)
at tests.Urltest.launchurl(Urltest.java:16)
at tests.Urltest.launchurl(Urltest.java:16)
at tests.Urltest.launchurl(Urltest.java:16)
at tests.Urltest.launchurl(Urltest.java:16)
at tests.Urltest.launchurl(Urltest.java:16)
at tests.Urltest.launchurl(Urltest.java:16)
at tests.Urltest.launchurl(Urltest.java:16)
at tests.Urltest.launchurl(Urltest.java:16)
at tests.Urltest.launchurl(Urltest.java:16)
at tests.Urltest.launchurl(Urltest.java:16)
at tests.Urltest.launchurl(Urltest.java:16)
at tests.Urltest.launchurl(Urltest.java:16)
at tests.Urltest.launchurl(Urltest.java:16)
at tests.Urltest.launchurl(Urltest.java:16)
at tests.Urltest.launchurl(Urltest.java:16)
at tests.Urltest.launchurl(Urltest.java:16)
at tests.Urltest.launchurl(Urltest.java:16)
at tests.Urltest.launchurl(Urltest.java:16)
at tests.Urltest.launchurl(Urltest.java:16)
at tests.Urltest.launchurl(Urltest.java:16)
at tests.Urltest.launchurl(Urltest.java:16)
at tests.Urltest.launchurl(Urltest.java:16)
at tests.Urltest.launchurl(Urltest.java:16)
at tests.Urltest.launchurl(Urltest.java:16)
at tests.Urltest.launchurl(Urltest.java:16)
at tests.Urltest.launchurl(Urltest.java:16)
at tests.Urltest.launchurl(Urltest.java:16)
at tests.Urltest.launchurl(Urltest.java:16)
at tests.Urltest.launchurl(Urltest.java:16)
at tests.Urltest.launchurl(Urltest.java:16)
at tests.Urltest.launchurl(Urltest.java:16)
at tests.Urltest.launchurl(Urltest.java:16)
at tests.Urltest.launchurl(Urltest.java:16)
at tests.Urltest.launchurl(Urltest.java:16)
at tests.Urltest.launchurl(Urltest.java:16)
at tests.Urltest.launchurl(Urltest.java:16)
at tests.Urltest.launchurl(Urltest.java:16)
at tests.Urltest.launchurl(Urltest.java:16)
at tests.Urltest.launchurl(Urltest.java:16)
at tests.Urltest.launchurl(Urltest.java:16)
at tests.Urltest.launchurl(Urltest.java:16)
at tests.Urltest.launchurl(Urltest.java:16)
at tests.Urltest.launchurl(Urltest.java:16)
at tests.Urltest.launchurl(Urltest.java:16)
at tests.Urltest.launchurl(Urltest.java:16)
at tests.Urltest.launchurl(Urltest.java:16)
at tests.Urltest.launchurl(Urltest.java:16)
at tests.Urltest.launchurl(Urltest.java:16)
at tests.Urltest.launchurl(Urltest.java:16)
at tests.Urltest.launchurl(Urltest.java:16)
at tests.Urltest.launchurl(Urltest.java:16)
at tests.Urltest.launchurl(Urltest.java:16)
at tests.Urltest.launchurl(Urltest.java:16)
at tests.Urltest.launchurl(Urltest.java:16)
at tests.Urltest.launchurl(Urltest.java:16)
at tests.Urltest.launchurl(Urltest.java:16)
at tests.Urltest.launchurl(Urltest.java:16)
at tests.Urltest.launchurl(Urltest.java:16)
at tests.Urltest.launchurl(Urltest.java:16)
at tests.Urltest.launchurl(Urltest.java:16)
at tests.Urltest.launchurl(Urltest.java:16)
at tests.Urltest.launchurl(Urltest.java:16)
at tests.Urltest.launchurl(Urltest.java:16)
at tests.Urltest.launchurl(Urltest.java:16)
at tests.Urltest.launchurl(Urltest.java:16)
at tests.Urltest.launchurl(Urltest.java:16)
at tests.Urltest.launchurl(Urltest.java:16)
at tests.Urltest.launchurl(Urltest.java:16)
at tests.Urltest.launchurl(Urltest.java:16)
at tests.Urltest.launchurl(Urltest.java:16)
at tests.Urltest.launchurl(Urltest.java:16)
at tests.Urltest.launchurl(Urltest.java:16)
at tests.Urltest.launchurl(Urltest.java:16)
at tests.Urltest.launchurl(Urltest.java:16)
at tests.Urltest.launchurl(Urltest.java:16)
at tests.Urltest.launchurl(Urltest.java:16)
at tests.Urltest.launchurl(Urltest.java:16)
at tests.Urltest.launchurl(Urltest.java:16)
at tests.Urltest.launchurl(Urltest.java:16)
at tests.Urltest.launchurl(Urltest.java:16)
at tests.Urltest.launchurl(Urltest.java:16)
at tests.Urltest.launchurl(Urltest.java:16)
at tests.Urltest.launchurl(Urltest.java:16)
at tests.Urltest.launchurl(Urltest.java:16)
at tests.Urltest.launchurl(Urltest.java:16)
at tests.Urltest.launchurl(Urltest.java:16)
at tests.Urltest.launchurl(Urltest.java:16)
at tests.Urltest.launchurl(Urltest.java:16)
at tests.Urltest.launchurl(Urltest.java:16)
at tests.Urltest.launchurl(Urltest.java:16)
at tests.Urltest.launchurl(Urltest.java:16)
at tests.Urltest.launchurl(Urltest.java:16)
at tests.Urltest.launchurl(Urltest.java:16)
at tests.Urltest.launchurl(Urltest.java:16)
at tests.Urltest.launchurl(Urltest.java:16)
at tests.Urltest.launchurl(Urltest.java:16)
at tests.Urltest.launchurl(Urltest.java:16)
at tests.Urltest.launchurl(Urltest.java:16)
at tests.Urltest.launchurl(Urltest.java:16)
at tests.Urltest.launchurl(Urltest.java:16)
at tests.Urltest.launchurl(Urltest.java:16)
at tests.Urltest.launchurl(Urltest.java:16)
at tests.Urltest.launchurl(Urltest.java:16)
at tests.Urltest.launchurl(Urltest.java:16)
at tests.Urltest.launchurl(Urltest.java:16)
at tests.Urltest.launchurl(Urltest.java:16)
at tests.Urltest.launchurl(Urltest.java:16)
at tests.Urltest.launchurl(Urltest.java:16)
at tests.Urltest.launchurl(Urltest.java:16)
at tests.Urltest.launchurl(Urltest.java:16)
at tests.Urltest.launchurl(Urltest.java:16)
at tests.Urltest.launchurl(Urltest.java:16)
at tests.Urltest.launchurl(Urltest.java:16)
at tests.Urltest.launchurl(Urltest.java:16)
at tests.Urltest.launchurl(Urltest.java:16)
at tests.Urltest.launchurl(Urltest.java:16)
at tests.Urltest.launchurl(Urltest.java:16)
at tests.Urltest.launchurl(Urltest.java:16)
at tests.Urltest.launchurl(Urltest.java:16)
at tests.Urltest.launchurl(Urltest.java:16)
at tests.Urltest.launchurl(Urltest.java:16)
at tests.Urltest.launchurl(Urltest.java:16)
at tests.Urltest.launchurl(Urltest.java:16)
at tests.Urltest.launchurl(Urltest.java:16)
at tests.Urltest.launchurl(Urltest.java:16)
at tests.Urltest.launchurl(Urltest.java:16)
at tests.Urltest.launchurl(Urltest.java:16)
at tests.Urltest.launchurl(Urltest.java:16)
at tests.Urltest.launchurl(Urltest.java:16)
at tests.Urltest.launchurl(Urltest.java:16)
at tests.Urltest.launchurl(Urltest.java:16)
at tests.Urltest.launchurl(Urltest.java:16)
at tests.Urltest.launchurl(Urltest.java:16)
at tests.Urltest.launchurl(Urltest.java:16)
at tests.Urltest.launchurl(Urltest.java:16)
at tests.Urltest.launchurl(Urltest.java:16)
at tests.Urltest.launchurl(Urltest.java:16)
at tests.Urltest.launchurl(Urltest.java:16)
at tests.Urltest.launchurl(Urltest.java:16)
at tests.Urltest.launchurl(Urltest.java:16)
at tests.Urltest.launchurl(Urltest.java:16)
at tests.Urltest.launchurl(Urltest.java:16)
at tests.Urltest.launchurl(Urltest.java:16)
at tests.Urltest.launchurl(Urltest.java:16)
at tests.Urltest.launchurl(Urltest.java:16)
at tests.Urltest.launchurl(Urltest.java:16)
at tests.Urltest.launchurl(Urltest.java:16)
at tests.Urltest.launchurl(Urltest.java:16)
at tests.Urltest.launchurl(Urltest.java:16)
at tests.Urltest.launchurl(Urltest.java:16)
at tests.Urltest.launchurl(Urltest.java:16)
at tests.Urltest.launchurl(Urltest.java:16)
at tests.Urltest.launchurl(Urltest.java:16)
at tests.Urltest.launchurl(Urltest.java:16)
at tests.Urltest.launchurl(Urltest.java:16)
at tests.Urltest.launchurl(Urltest.java:16)
at tests.Urltest.launchurl(Urltest.java:16)
at tests.Urltest.launchurl(Urltest.java:16)
at tests.Urltest.launchurl(Urltest.java:16)
at tests.Urltest.launchurl(Urltest.java:16)
at tests.Urltest.launchurl(Urltest.java:16)
at tests.Urltest.launchurl(Urltest.java:16)
at tests.Urltest.launchurl(Urltest.java:16)
at tests.Urltest.launchurl(Urltest.java:16)
at tests.Urltest.launchurl(Urltest.java:16)
at tests.Urltest.launchurl(Urltest.java:16)
at tests.Urltest.launchurl(Urltest.java:16)
at tests.Urltest.launchurl(Urltest.java:16)
at tests.Urltest.launchurl(Urltest.java:16)
at tests.Urltest.launchurl(Urltest.java:16)
at tests.Urltest.launchurl(Urltest.java:16)
at tests.Urltest.launchurl(Urltest.java:16)
at tests.Urltest.launchurl(Urltest.java:16)
at tests.Urltest.launchurl(Urltest.java:16)
at tests.Urltest.launchurl(Urltest.java:16)
at tests.Urltest.launchurl(Urltest.java:16)
at tests.Urltest.launchurl(Urltest.java:16)
at tests.Urltest.launchurl(Urltest.java:16)
at tests.Urltest.launchurl(Urltest.java:16)
at tests.Urltest.launchurl(Urltest.java:16)
at tests.Urltest.launchurl(Urltest.java:16)
at tests.Urltest.launchurl(Urltest.java:16)
at tests.Urltest.launchurl(Urltest.java:16)
at tests.Urltest.launchurl(Urltest.java:16)
at tests.Urltest.launchurl(Urltest.java:16)
at tests.Urltest.launchurl(Urltest.java:16)
at tests.Urltest.launchurl(Urltest.java:16)
at tests.Urltest.launchurl(Urltest.java:16)
at tests.Urltest.launchurl(Urltest.java:16)
at tests.Urltest.launchurl(Urltest.java:16)
at tests.Urltest.launchurl(Urltest.java:16)
at tests.Urltest.launchurl(Urltest.java:16)
at tests.Urltest.launchurl(Urltest.java:16)
at tests.Urltest.launchurl(Urltest.java:16)
at tests.Urltest.launchurl(Urltest.java:16)
at tests.Urltest.launchurl(Urltest.java:16)
at tests.Urltest.launchurl(Urltest.java:16)
at tests.Urltest.launchurl(Urltest.java:16)
at tests.Urltest.launchurl(Urltest.java:16)
at tests.Urltest.launchurl(Urltest.java:16)
at tests.Urltest.launchurl(Urltest.java:16)
at tests.Urltest.launchurl(Urltest.java:16)
at tests.Urltest.launchurl(Urltest.java:16)
at tests.Urltest.launchurl(Urltest.java:16)
at tests.Urltest.launchurl(Urltest.java:16)
at tests.Urltest.launchurl(Urltest.java:16)
at tests.Urltest.launchurl(Urltest.java:16)
at tests.Urltest.launchurl(Urltest.java:16)
at tests.Urltest.launchurl(Urltest.java:16)
at tests.Urltest.launchurl(Urltest.java:16)
at tests.Urltest.launchurl(Urltest.java:16)
at tests.Urltest.launchurl(Urltest.java:16)
at tests.Urltest.launchurl(Urltest.java:16)
at tests.Urltest.launchurl(Urltest.java:16)
at tests.Urltest.launchurl(Urltest.java:16)
at tests.Urltest.launchurl(Urltest.java:16)
at tests.Urltest.launchurl(Urltest.java:16)
at tests.Urltest.launchurl(Urltest.java:16)
at tests.Urltest.launchurl(Urltest.java:16)
at tests.Urltest.launchurl(Urltest.java:16)
at tests.Urltest.launchurl(Urltest.java:16)
at tests.Urltest.launchurl(Urltest.java:16)
at tests.Urltest.launchurl(Urltest.java:16)
at tests.Urltest.launchurl(Urltest.java:16)
at tests.Urltest.launchurl(Urltest.java:16)
at tests.Urltest.launchurl(Urltest.java:16)
at tests.Urltest.launchurl(Urltest.java:16)
at tests.Urltest.launchurl(Urltest.java:16)
at tests.Urltest.launchurl(Urltest.java:16)
at tests.Urltest.launchurl(Urltest.java:16)
at tests.Urltest.launchurl(Urltest.java:16)
at tests.Urltest.launchurl(Urltest.java:16)
at tests.Urltest.launchurl(Urltest.java:16)
at tests.Urltest.launchurl(Urltest.java:16)
at tests.Urltest.launchurl(Urltest.java:16)
at tests.Urltest.launchurl(Urltest.java:16)
at tests.Urltest.launchurl(Urltest.java:16)
at tests.Urltest.launchurl(Urltest.java:16)
at tests.Urltest.launchurl(Urltest.java:16)
at tests.Urltest.launchurl(Urltest.java:16)
at tests.Urltest.launchurl(Urltest.java:16)
at tests.Urltest.launchurl(Urltest.java:16)
at tests.Urltest.launchurl(Urltest.java:16)
at tests.Urltest.launchurl(Urltest.java:16)
at tests.Urltest.launchurl(Urltest.java:16)
at tests.Urltest.launchurl(Urltest.java:16)
at tests.Urltest.launchurl(Urltest.java:16)
at tests.Urltest.launchurl(Urltest.java:16)
at tests.Urltest.launchurl(Urltest.java:16)
at tests.Urltest.launchurl(Urltest.java:16)
at tests.Urltest.launchurl(Urltest.java:16)
at tests.Urltest.launchurl(Urltest.java:16)
at tests.Urltest.launchurl(Urltest.java:16)
at tests.Urltest.launchurl(Urltest.java:16)
at tests.Urltest.launchurl(Urltest.java:16)
at tests.Urltest.launchurl(Urltest.java:16)
at tests.Urltest.launchurl(Urltest.java:16)
at tests.Urltest.launchurl(Urltest.java:16)
at tests.Urltest.launchurl(Urltest.java:16)
at tests.Urltest.launchurl(Urltest.java:16)
at tests.Urltest.launchurl(Urltest.java:16)
at tests.Urltest.launchurl(Urltest.java:16)
at tests.Urltest.launchurl(Urltest.java:16)
at tests.Urltest.launchurl(Urltest.java:16)
at tests.Urltest.launchurl(Urltest.java:16)
at tests.Urltest.launchurl(Urltest.java:16)
at tests.Urltest.launchurl(Urltest.java:16)
at tests.Urltest.launchurl(Urltest.java:16)
at tests.Urltest.launchurl(Urltest.java:16)
at tests.Urltest.launchurl(Urltest.java:16)
at tests.Urltest.launchurl(Urltest.java:16)
at tests.Urltest.launchurl(Urltest.java:16)
at tests.Urltest.launchurl(Urltest.java:16)
at tests.Urltest.launchurl(Urltest.java:16)
at tests.Urltest.launchurl(Urltest.java:16)
at tests.Urltest.launchurl(Urltest.java:16)
at tests.Urltest.launchurl(Urltest.java:16)
at tests.Urltest.launchurl(Urltest.java:16)
at tests.Urltest.launchurl(Urltest.java:16)
at tests.Urltest.launchurl(Urltest.java:16)
at tests.Urltest.launchurl(Urltest.java:16)
at tests.Urltest.launchurl(Urltest.java:16)
at tests.Urltest.launchurl(Urltest.java:16)
at tests.Urltest.launchurl(Urltest.java:16)
at tests.Urltest.launchurl(Urltest.java:16)
at tests.Urltest.launchurl(Urltest.java:16)
at tests.Urltest.launchurl(Urltest.java:16)
at tests.Urltest.launchurl(Urltest.java:16)
at tests.Urltest.launchurl(Urltest.java:16)
at tests.Urltest.launchurl(Urltest.java:16)
at tests.Urltest.launchurl(Urltest.java:16)
at tests.Urltest.launchurl(Urltest.java:16)
at tests.Urltest.launchurl(Urltest.java:16)
at tests.Urltest.launchurl(Urltest.java:16)
at tests.Urltest.launchurl(Urltest.java:16)
at tests.Urltest.launchurl(Urltest.java:16)
at tests.Urltest.launchurl(Urltest.java:16)
at tests.Urltest.launchurl(Urltest.java:16)
at tests.Urltest.launchurl(Urltest.java:16)
at tests.Urltest.launchurl(Urltest.java:16)
at tests.Urltest.launchurl(Urltest.java:16)
at tests.Urltest.launchurl(Urltest.java:16)
at tests.Urltest.launchurl(Urltest.java:16)
at tests.Urltest.launchurl(Urltest.java:16)
at tests.Urltest.launchurl(Urltest.java:16)
at tests.Urltest.launchurl(Urltest.java:16)
at tests.Urltest.launchurl(Urltest.java:16)
at tests.Urltest.launchurl(Urltest.java:16)
at tests.Urltest.launchurl(Urltest.java:16)
at tests.Urltest.launchurl(Urltest.java:16)
at tests.Urltest.launchurl(Urltest.java:16)
at tests.Urltest.launchurl(Urltest.java:16)
at tests.Urltest.launchurl(Urltest.java:16)
at tests.Urltest.launchurl(Urltest.java:16)
at tests.Urltest.launchurl(Urltest.java:16)
at tests.Urltest.launchurl(Urltest.java:16)
at tests.Urltest.launchurl(Urltest.java:16)
at tests.Urltest.launchurl(Urltest.java:16)
at tests.Urltest.launchurl(Urltest.java:16)
at tests.Urltest.launchurl(Urltest.java:16)
at tests.Urltest.launchurl(Urltest.java:16)
at tests.Urltest.launchurl(Urltest.java:16)
at tests.Urltest.launchurl(Urltest.java:16)
at tests.Urltest.launchurl(Urltest.java:16)
at tests.Urltest.launchurl(Urltest.java:16)
at tests.Urltest.launchurl(Urltest.java:16)
at tests.Urltest.launchurl(Urltest.java:16)
at tests.Urltest.launchurl(Urltest.java:16)
at tests.Urltest.launchurl(Urltest.java:16)
at tests.Urltest.launchurl(Urltest.java:16)
at tests.Urltest.launchurl(Urltest.java:16)
at tests.Urltest.launchurl(Urltest.java:16)
at tests.Urltest.launchurl(Urltest.java:16)
at tests.Urltest.launchurl(Urltest.java:16)
at tests.Urltest.launchurl(Urltest.java:16)
at tests.Urltest.launchurl(Urltest.java:16)
at tests.Urltest.launchurl(Urltest.java:16)
at tests.Urltest.launchurl(Urltest.java:16)
at tests.Urltest.launchurl(Urltest.java:16)
at tests.Urltest.launchurl(Urltest.java:16)
at tests.Urltest.launchurl(Urltest.java:16)
at tests.Urltest.launchurl(Urltest.java:16)
at tests.Urltest.launchurl(Urltest.java:16)
at tests.Urltest.launchurl(Urltest.java:16)
at tests.Urltest.launchurl(Urltest.java:16)
at tests.Urltest.launchurl(Urltest.java:16)
at tests.Urltest.launchurl(Urltest.java:16)
at tests.Urltest.launchurl(Urltest.java:16)
at tests.Urltest.launchurl(Urltest.java:16)
at tests.Urltest.launchurl(Urltest.java:16)
at tests.Urltest.launchurl(Urltest.java:16)
at tests.Urltest.launchurl(Urltest.java:16)
at tests.Urltest.launchurl(Urltest.java:16)
at tests.Urltest.launchurl(Urltest.java:16)
at tests.Urltest.launchurl(Urltest.java:16)
at tests.Urltest.launchurl(Urltest.java:16)
at tests.Urltest.launchurl(Urltest.java:16)
at tests.Urltest.launchurl(Urltest.java:16)
at tests.Urltest.launchurl(Urltest.java:16)
at tests.Urltest.launchurl(Urltest.java:16)
at tests.Urltest.launchurl(Urltest.java:16)
at tests.Urltest.launchurl(Urltest.java:16)
at tests.Urltest.launchurl(Urltest.java:16)
at tests.Urltest.launchurl(Urltest.java:16)
at tests.Urltest.launchurl(Urltest.java:16)
at tests.Urltest.launchurl(Urltest.java:16)
at tests.Urltest.launchurl(Urltest.java:16)
at tests.Urltest.launchurl(Urltest.java:16)
at tests.Urltest.launchurl(Urltest.java:16)
at tests.Urltest.launchurl(Urltest.java:16)
at tests.Urltest.launchurl(Urltest.java:16)
at tests.Urltest.launchurl(Urltest.java:16)
at tests.Urltest.launchurl(Urltest.java:16)
at tests.Urltest.launchurl(Urltest.java:16)
at tests.Urltest.launchurl(Urltest.java:16)
at tests.Urltest.launchurl(Urltest.java:16)
at tests.Urltest.launchurl(Urltest.java:16)
at tests.Urltest.launchurl(Urltest.java:16)
at tests.Urltest.launchurl(Urltest.java:16)
at tests.Urltest.launchurl(Urltest.java:16)
at tests.Urltest.launchurl(Urltest.java:16)
at tests.Urltest.launchurl(Urltest.java:16)
at tests.Urltest.launchurl(Urltest.java:16)
at tests.Urltest.launchurl(Urltest.java:16)
at tests.Urltest.launchurl(Urltest.java:16)
at tests.Urltest.launchurl(Urltest.java:16)
at tests.Urltest.launchurl(Urltest.java:16)
at tests.Urltest.launchurl(Urltest.java:16)
at tests.Urltest.launchurl(Urltest.java:16)
at tests.Urltest.launchurl(Urltest.java:16)
at tests.Urltest.launchurl(Urltest.java:16)
at tests.Urltest.launchurl(Urltest.java:16)
at tests.Urltest.launchurl(Urltest.java:16)
at tests.Urltest.launchurl(Urltest.java:16)
at tests.Urltest.launchurl(Urltest.java:16)
at tests.Urltest.launchurl(Urltest.java:16)
at tests.Urltest.launchurl(Urltest.java:16)
at tests.Urltest.launchurl(Urltest.java:16)
at tests.Urltest.launchurl(Urltest.java:16)
at tests.Urltest.launchurl(Urltest.java:16)
at tests.Urltest.launchurl(Urltest.java:16)
at tests.Urltest.launchurl(Urltest.java:16)
at tests.Urltest.launchurl(Urltest.java:16)
at tests.Urltest.launchurl(Urltest.java:16)
at tests.Urltest.launchurl(Urltest.java:16)
at tests.Urltest.launchurl(Urltest.java:16)
at tests.Urltest.launchurl(Urltest.java:16)
at tests.Urltest.launchurl(Urltest.java:16)
at tests.Urltest.launchurl(Urltest.java:16)
at tests.Urltest.launchurl(Urltest.java:16)
at tests.Urltest.launchurl(Urltest.java:16)
at tests.Urltest.launchurl(Urltest.java:16)
at tests.Urltest.launchurl(Urltest.java:16)
at tests.Urltest.launchurl(Urltest.java:16)
at tests.Urltest.launchurl(Urltest.java:16)
at tests.Urltest.launchurl(Urltest.java:16)
at tests.Urltest.launchurl(Urltest.java:16)
at tests.Urltest.launchurl(Urltest.java:16)
at tests.Urltest.launchurl(Urltest.java:16)
at tests.Urltest.launchurl(Urltest.java:16)
at tests.Urltest.launchurl(Urltest.java:16)
at tests.Urltest.launchurl(Urltest.java:16)
at tests.Urltest.launchurl(Urltest.java:16)
at tests.Urltest.launchurl(Urltest.java:16)
at tests.Urltest.launchurl(Urltest.java:16)
at tests.Urltest.launchurl(Urltest.java:16)
at tests.Urltest.launchurl(Urltest.java:16)
at tests.Urltest.launchurl(Urltest.java:16)
at tests.Urltest.launchurl(Urltest.java:16)
at tests.Urltest.launchurl(Urltest.java:16)
at tests.Urltest.launchurl(Urltest.java:16)
at tests.Urltest.launchurl(Urltest.java:16)
at tests.Urltest.launchurl(Urltest.java:16)
at tests.Urltest.launchurl(Urltest.java:16)
at tests.Urltest.launchurl(Urltest.java:16)
at tests.Urltest.launchurl(Urltest.java:16)
at tests.Urltest.launchurl(Urltest.java:16)
at tests.Urltest.launchurl(Urltest.java:16)
at tests.Urltest.launchurl(Urltest.java:16)
at tests.Urltest.launchurl(Urltest.java:16)
at tests.Urltest.launchurl(Urltest.java:16)
at tests.Urltest.launchurl(Urltest.java:16)
at tests.Urltest.launchurl(Urltest.java:16)
at tests.Urltest.launchurl(Urltest.java:16)
at tests.Urltest.launchurl(Urltest.java:16)
at tests.Urltest.launchurl(Urltest.java:16)
at tests.Urltest.launchurl(Urltest.java:16)
at tests.Urltest.launchurl(Urltest.java:16)
at tests.Urltest.launchurl(Urltest.java:16)
at tests.Urltest.launchurl(Urltest.java:16)
at tests.Urltest.launchurl(Urltest.java:16)
at tests.Urltest.launchurl(Urltest.java:16)
at tests.Urltest.launchurl(Urltest.java:16)
at tests.Urltest.launchurl(Urltest.java:16)
at tests.Urltest.launchurl(Urltest.java:16)
at tests.Urltest.launchurl(Urltest.java:16)
at tests.Urltest.launchurl(Urltest.java:16)
at tests.Urltest.launchurl(Urltest.java:16)
at tests.Urltest.launchurl(Urltest.java:16)
at tests.Urltest.launchurl(Urltest.java:16)
at tests.Urltest.launchurl(Urltest.java:16)
at tests.Urltest.launchurl(Urltest.java:16)
at tests.Urltest.launchurl(Urltest.java:16)
at tests.Urltest.launchurl(Urltest.java:16)
at tests.Urltest.launchurl(Urltest.java:16)
at tests.Urltest.launchurl(Urltest.java:16)
at tests.Urltest.launchurl(Urltest.java:16)
at tests.Urltest.launchurl(Urltest.java:16)
at tests.Urltest.launchurl(Urltest.java:16)
at tests.Urltest.launchurl(Urltest.java:16)
at tests.Urltest.launchurl(Urltest.java:16)
at tests.Urltest.launchurl(Urltest.java:16)
at tests.Urltest.launchurl(Urltest.java:16)
at tests.Urltest.launchurl(Urltest.java:16)
at tests.Urltest.launchurl(Urltest.java:16)
at tests.Urltest.launchurl(Urltest.java:16)
at tests.Urltest.launchurl(Urltest.java:16)
at tests.Urltest.launchurl(Urltest.java:16)
at tests.Urltest.launchurl(Urltest.java:16)
at tests.Urltest.launchurl(Urltest.java:16)
at tests.Urltest.launchurl(Urltest.java:16)
at tests.Urltest.launchurl(Urltest.java:16)
at tests.Urltest.launchurl(Urltest.java:16)
at tests.Urltest.launchurl(Urltest.java:16)
at tests.Urltest.launchurl(Urltest.java:16)
at tests.Urltest.launchurl(Urltest.java:16)
at tests.Urltest.launchurl(Urltest.java:16)
at tests.Urltest.launchurl(Urltest.java:16)
at tests.Urltest.launchurl(Urltest.java:16)
at tests.Urltest.launchurl(Urltest.java:16)
at tests.Urltest.launchurl(Urltest.java:16)
at tests.Urltest.launchurl(Urltest.java:16)
at tests.Urltest.launchurl(Urltest.java:16)
at tests.Urltest.launchurl(Urltest.java:16)
at tests.Urltest.launchurl(Urltest.java:16)
at tests.Urltest.launchurl(Urltest.java:16)
at tests.Urltest.launchurl(Urltest.java:16)
at tests.Urltest.launchurl(Urltest.java:16)
at tests.Urltest.launchurl(Urltest.java:16)
at tests.Urltest.launchurl(Urltest.java:16)
at tests.Urltest.launchurl(Urltest.java:16)
at tests.Urltest.launchurl(Urltest.java:16)
at tests.Urltest.launchurl(Urltest.java:16)
at tests.Urltest.launchurl(Urltest.java:16)
at tests.Urltest.launchurl(Urltest.java:16)
at tests.Urltest.launchurl(Urltest.java:16)
at tests.Urltest.launchurl(Urltest.java:16)
at tests.Urltest.launchurl(Urltest.java:16)
at tests.Urltest.launchurl(Urltest.java:16)
at tests.Urltest.launchurl(Urltest.java:16)
at tests.Urltest.launchurl(Urltest.java:16)
at tests.Urltest.launchurl(Urltest.java:16)
at tests.Urltest.launchurl(Urltest.java:16)
at tests.Urltest.launchurl(Urltest.java:16)
at tests.Urltest.launchurl(Urltest.java:16)
at tests.Urltest.launchurl(Urltest.java:16)
at tests.Urltest.launchurl(Urltest.java:16)
at tests.Urltest.launchurl(Urltest.java:16)
at tests.Urltest.launchurl(Urltest.java:16)
at tests.Urltest.launchurl(Urltest.java:16)
at tests.Urltest.launchurl(Urltest.java:16)
at tests.Urltest.launchurl(Urltest.java:16)
at tests.Urltest.launchurl(Urltest.java:16)
at tests.Urltest.launchurl(Urltest.java:16)
at tests.Urltest.launchurl(Urltest.java:16)
at tests.Urltest.launchurl(Urltest.java:16)
at tests.Urltest.launchurl(Urltest.java:16)
at tests.Urltest.launchurl(Urltest.java:16)
at tests.Urltest.launchurl(Urltest.java:16)
at tests.Urltest.launchurl(Urltest.java:16)
at tests.Urltest.launchurl(Urltest.java:16)
at tests.Urltest.launchurl(Urltest.java:16)
at tests.Urltest.launchurl(Urltest.java:16)
at tests.Urltest.launchurl(Urltest.java:16)
at tests.Urltest.launchurl(Urltest.java:16)
at tests.Urltest.launchurl(Urltest.java:16)
at tests.Urltest.launchurl(Urltest.java:16)
at tests.Urltest.launchurl(Urltest.java:16)
at tests.Urltest.launchurl(Urltest.java:16)
at tests.Urltest.launchurl(Urltest.java:16)
at tests.Urltest.launchurl(Urltest.java:16)
at tests.Urltest.launchurl(Urltest.java:16)
at tests.Urltest.launchurl(Urltest.java:16)
at tests.Urltest.launchurl(Urltest.java:16)
at tests.Urltest.launchurl(Urltest.java:16)
at tests.Urltest.launchurl(Urltest.java:16)
at tests.Urltest.launchurl(Urltest.java:16)
at tests.Urltest.launchurl(Urltest.java:16)
at tests.Urltest.launchurl(Urltest.java:16)
at tests.Urltest.launchurl(Urltest.java:16)
at tests.Urltest.launchurl(Urltest.java:16)
at tests.Urltest.launchurl(Urltest.java:16)
at tests.Urltest.launchurl(Urltest.java:16)
at tests.Urltest.launchurl(Urltest.java:16)
at tests.Urltest.launchurl(Urltest.java:16)
at tests.Urltest.launchurl(Urltest.java:16)
at tests.Urltest.launchurl(Urltest.java:16)
at tests.Urltest.launchurl(Urltest.java:16)
at tests.Urltest.launchurl(Urltest.java:16)
at tests.Urltest.launchurl(Urltest.java:16)
at tests.Urltest.launchurl(Urltest.java:16)
at tests.Urltest.launchurl(Urltest.java:16)
at tests.Urltest.launchurl(Urltest.java:16)
at tests.Urltest.launchurl(Urltest.java:16)
at tests.Urltest.launchurl(Urltest.java:16)
at tests.Urltest.launchurl(Urltest.java:16)
at tests.Urltest.launchurl(Urltest.java:16)
at tests.Urltest.launchurl(Urltest.java:16)
at tests.Urltest.launchurl(Urltest.java:16)
at tests.Urltest.launchurl(Urltest.java:16)
at tests.Urltest.launchurl(Urltest.java:16)
at tests.Urltest.launchurl(Urltest.java:16)
at tests.Urltest.launchurl(Urltest.java:16)
at tests.Urltest.launchurl(Urltest.java:16)
at tests.Urltest.launchurl(Urltest.java:16)
at tests.Urltest.launchurl(Urltest.java:16)
at tests.Urltest.launchurl(Urltest.java:16)
at tests.Urltest.launchurl(Urltest.java:16)
at tests.Urltest.launchurl(Urltest.java:16)
at tests.Urltest.launchurl(Urltest.java:16)
at tests.Urltest.launchurl(Urltest.java:16)
at tests.Urltest.launchurl(Urltest.java:16)
at tests.Urltest.launchurl(Urltest.java:16)
at tests.Urltest.launchurl(Urltest.java:16)
at tests.Urltest.launchurl(Urltest.java:16)
at tests.Urltest.launchurl(Urltest.java:16)
at tests.Urltest.launchurl(Urltest.java:16)
at tests.Urltest.launchurl(Urltest.java:16)
at tests.Urltest.launchurl(Urltest.java:16)
at tests.Urltest.launchurl(Urltest.java:16)
at tests.Urltest.launchurl(Urltest.java:16)
at tests.Urltest.launchurl(Urltest.java:16)
at tests.Urltest.launchurl(Urltest.java:16)
at tests.Urltest.launchurl(Urltest.java:16)
at tests.Urltest.launchurl(Urltest.java:16)
at tests.Urltest.launchurl(Urltest.java:16)
at tests.Urltest.launchurl(Urltest.java:16)
at tests.Urltest.launchurl(Urltest.java:16)
at tests.Urltest.launchurl(Urltest.java:16)
at tests.Urltest.launchurl(Urltest.java:16)
at tests.Urltest.launchurl(Urltest.java:16)
at tests.Urltest.launchurl(Urltest.java:16)
at tests.Urltest.launchurl(Urltest.java:16)
at tests.Urltest.launchurl(Urltest.java:16)
at tests.Urltest.launchurl(Urltest.java:16)
at tests.Urltest.launchurl(Urltest.java:16)
at tests.Urltest.launchurl(Urltest.java:16)
at tests.Urltest.launchurl(Urltest.java:16)
at tests.Urltest.launchurl(Urltest.java:16)
at tests.Urltest.launchurl(Urltest.java:16)
at tests.Urltest.launchurl(Urltest.java:16)
at tests.Urltest.launchurl(Urltest.java:16)
at tests.Urltest.launchurl(Urltest.java:16)
at tests.Urltest.launchurl(Urltest.java:16)
at tests.Urltest.launchurl(Urltest.java:16)
at tests.Urltest.launchurl(Urltest.java:16)
at tests.Urltest.launchurl(Urltest.java:16)
at tests.Urltest.launchurl(Urltest.java:16)
at tests.Urltest.launchurl(Urltest.java:16)
at tests.Urltest.launchurl(Urltest.java:16)
at tests.Urltest.launchurl(Urltest.java:16)
at tests.Urltest.launchurl(Urltest.java:16)
at tests.Urltest.launchurl(Urltest.java:16)
at tests.Urltest.launchurl(Urltest.java:16)
at tests.Urltest.launchurl(Urltest.java:16)
at tests.Urltest.launchurl(Urltest.java:16)
at tests.Urltest.launchurl(Urltest.java:16)
at tests.Urltest.launchurl(Urltest.java:16)
at tests.Urltest.launchurl(Urltest.java:16)
at tests.Urltest.launchurl(Urltest.java:16)
at tests.Urltest.launchurl(Urltest.java:16)
at tests.Urltest.launchurl(Urltest.java:16)
at tests.Urltest.launchurl(Urltest.java:16)
at tests.Urltest.launchurl(Urltest.java:16)
at tests.Urltest.launchurl(Urltest.java:16)
at tests.Urltest.launchurl(Urltest.java:16)
at tests.Urltest.launchurl(Urltest.java:16)
at tests.Urltest.launchurl(Urltest.java:16)
at tests.Urltest.launchurl(Urltest.java:16)
at tests.Urltest.launchurl(Urltest.java:16)
at tests.Urltest.launchurl(Urltest.java:16)
at tests.Urltest.launchurl(Urltest.java:16)
at tests.Urltest.launchurl(Urltest.java:16)
at tests.Urltest.launchurl(Urltest.java:16)
at tests.Urltest.launchurl(Urltest.java:16)
at tests.Urltest.launchurl(Urltest.java:16)
at tests.Urltest.launchurl(Urltest.java:16)
at tests.Urltest.launchurl(Urltest.java:16)
at tests.Urltest.launchurl(Urltest.java:16)
at tests.Urltest.launchurl(Urltest.java:16)
at tests.Urltest.launchurl(Urltest.java:16)
at tests.Urltest.launchurl(Urltest.java:16)
at tests.Urltest.launchurl(Urltest.java:16)
at tests.Urltest.launchurl(Urltest.java:16)
at tests.Urltest.launchurl(Urltest.java:16)
at tests.Urltest.launchurl(Urltest.java:16)
at tests.Urltest.launchurl(Urltest.java:16)
at tests.Urltest.launchurl(Urltest.java:16)
at tests.Urltest.launchurl(Urltest.java:16)
at tests.Urltest.launchurl(Urltest.java:16)
at tests.Urltest.launchurl(Urltest.java:16)
at tests.Urltest.launchurl(Urltest.java:16)
at tests.Urltest.launchurl(Urltest.java:16)
at tests.Urltest.launchurl(Urltest.java:16)
at tests.Urltest.launchurl(Urltest.java:16)
at tests.Urltest.launchurl(Urltest.java:16)
at tests.Urltest.launchurl(Urltest.java:16)
at tests.Urltest.launchurl(Urltest.java:16)
at tests.Urltest.launchurl(Urltest.java:16)
at tests.Urltest.launchurl(Urltest.java:16)
at tests.Urltest.launchurl(Urltest.java:16)
at tests.Urltest.launchurl(Urltest.java:16)
at tests.Urltest.launchurl(Urltest.java:16)
at tests.Urltest.launchurl(Urltest.java:16)
at tests.Urltest.launchurl(Urltest.java:16)
at tests.Urltest.launchurl(Urltest.java:16)
at tests.Urltest.launchurl(Urltest.java:16)
at tests.Urltest.launchurl(Urltest.java:16)
at tests.Urltest.launchurl(Urltest.java:16)
at tests.Urltest.launchurl(Urltest.java:16)
at tests.Urltest.launchurl(Urltest.java:16)
at tests.Urltest.launchurl(Urltest.java:16)
at tests.Urltest.launchurl(Urltest.java:16)
at tests.Urltest.launchurl(Urltest.java:16)
at tests.Urltest.launchurl(Urltest.java:16)
at tests.Urltest.launchurl(Urltest.java:16)
at tests.Urltest.launchurl(Urltest.java:16)
at tests.Urltest.launchurl(Urltest.java:16)
at tests.Urltest.launchurl(Urltest.java:16)
at tests.Urltest.launchurl(Urltest.java:16)
at tests.Urltest.launchurl(Urltest.java:16)
at tests.Urltest.launchurl(Urltest.java:16)
at tests.Urltest.launchurl(Urltest.java:16)
at tests.Urltest.launchurl(Urltest.java:16)
at tests.Urltest.launchurl(Urltest.java:16)
at tests.Urltest.launchurl(Urltest.java:16)
at tests.Urltest.launchurl(Urltest.java:16)
at tests.Urltest.launchurl(Urltest.java:16)
at tests.Urltest.launchurl(Urltest.java:16)
at tests.Urltest.launchurl(Urltest.java:16)
at tests.Urltest.launchurl(Urltest.java:16)
at tests.Urltest.launchurl(Urltest.java:16)
at tests.Urltest.launchurl(Urltest.java:16)
at tests.Urltest.launchurl(Urltest.java:16)
at tests.Urltest.launchurl(Urltest.java:16)
at tests.Urltest.launchurl(Urltest.java:16)
at tests.Urltest.launchurl(Urltest.java:16)
at tests.Urltest.launchurl(Urltest.java:16)
at tests.Urltest.launchurl(Urltest.java:16)
at tests.Urltest.launchurl(Urltest.java:16)
at tests.Urltest.launchurl(Urltest.java:16)
at tests.Urltest.launchurl(Urltest.java:16)
at tests.Urltest.launchurl(Urltest.java:16)
at tests.Urltest.launchurl(Urltest.java:16)
at tests.Urltest.launchurl(Urltest.java:16)
at tests.Urltest.launchurl(Urltest.java:16)
at tests.Urltest.launchurl(Urltest.java:16)
at tests.Urltest.launchurl(Urltest.java:16)
at tests.Urltest.launchurl(Urltest.java:16)
at tests.Urltest.launchurl(Urltest.java:16)
at tests.Urltest.launchurl(Urltest.java:16)
at tests.Urltest.launchurl(Urltest.java:16)
at tests.Urltest.launchurl(Urltest.java:16)
at tests.Urltest.launchurl(Urltest.java:16)
at tests.Urltest.launchurl(Urltest.java:16)
at tests.Urltest.launchurl(Urltest.java:16)
at tests.Urltest.launchurl(Urltest.java:16)
at tests.Urltest.launchurl(Urltest.java:16)
at tests.Urltest.launchurl(Urltest.java:16)
at tests.Urltest.launchurl(Urltest.java:16)
at tests.Urltest.launchurl(Urltest.java:16)
at tests.Urltest.launchurl(Urltest.java:16)
at tests.Urltest.launchurl(Urltest.java:16)
at tests.Urltest.launchurl(Urltest.java:16)
at tests.Urltest.launchurl(Urltest.java:16)
at tests.Urltest.launchurl(Urltest.java:16)
at tests.Urltest.launchurl(Urltest.java:16)
at tests.Urltest.launchurl(Urltest.java:16)
at tests.Urltest.launchurl(Urltest.java:16)
at tests.Urltest.launchurl(Urltest.java:16)
at tests.Urltest.launchurl(Urltest.java:16)
at tests.Urltest.launchurl(Urltest.java:16)
at tests.Urltest.launchurl(Urltest.java:16)
at tests.Urltest.launchurl(Urltest.java:16)
at tests.Urltest.launchurl(Urltest.java:16)
at tests.Urltest.launchurl(Urltest.java:16)
at tests.Urltest.launchurl(Urltest.java:16)
at tests.Urltest.launchurl(Urltest.java:16)
at tests.Urltest.launchurl(Urltest.java:16)
at tests.Urltest.launchurl(Urltest.java:16)
at tests.Urltest.launchurl(Urltest.java:16)
at tests.Urltest.launchurl(Urltest.java:16)
at tests.Urltest.launchurl(Urltest.java:16)
at tests.Urltest.launchurl(Urltest.java:16)
at tests.Urltest.launchurl(Urltest.java:16)
at tests.Urltest.launchurl(Urltest.java:16)
at tests.Urltest.launchurl(Urltest.java:16)
at tests.Urltest.launchurl(Urltest.java:16)
at tests.Urltest.launchurl(Urltest.java:16)
at tests.Urltest.launchurl(Urltest.java:16)
at tests.Urltest.launchurl(Urltest.java:16)
at tests.Urltest.launchurl(Urltest.java:16)
at tests.Urltest.launchurl(Urltest.java:16)
at tests.Urltest.launchurl(Urltest.java:16)
at tests.Urltest.launchurl(Urltest.java:16)
at tests.Urltest.launchurl(Urltest.java:16)
at tests.Urltest.launchurl(Urltest.java:16)
at tests.Urltest.launchurl(Urltest.java:16)
at tests.Urltest.launchurl(Urltest.java:16)
at tests.Urltest.launchurl(Urltest.java:16)
at tests.Urltest.launchurl(Urltest.java:16)
at tests.Urltest.launchurl(Urltest.java:16)
at tests.Urltest.launchurl(Urltest.java:16)
at tests.Urltest.launchurl(Urltest.java:16)
at tests.Urltest.launchurl(Urltest.java:16)
at tests.Urltest.launchurl(Urltest.java:16)
at tests.Urltest.launchurl(Urltest.java:16)
at tests.Urltest.launchurl(Urltest.java:16)
at tests.Urltest.launchurl(Urltest.java:16)
at tests.Urltest.launchurl(Urltest.java:16)
at tests.Urltest.launchurl(Urltest.java:16)
at tests.Urltest.launchurl(Urltest.java:16)
at tests.Urltest.launchurl(Urltest.java:16)
at tests.Urltest.launchurl(Urltest.java:16)
at tests.Urltest.launchurl(Urltest.java:16)
at tests.Urltest.launchurl(Urltest.java:16)
at tests.Urltest.launchurl(Urltest.java:16)
at tests.Urltest.launchurl(Urltest.java:16)
at tests.Urltest.launchurl(Urltest.java:16)
at tests.Urltest.launchurl(Urltest.java:16)
at tests.Urltest.launchurl(Urltest.java:16)
at tests.Urltest.launchurl(Urltest.java:16)
at tests.Urltest.launchurl(Urltest.java:16)
at tests.Urltest.launchurl(Urltest.java:16)
at tests.Urltest.launchurl(Urltest.java:16)
at tests.Urltest.launchurl(Urltest.java:16)
at tests.Urltest.launchurl(Urltest.java:16)
at tests.Urltest.launchurl(Urltest.java:16)
at tests.Urltest.launchurl(Urltest.java:16)
at tests.Urltest.launchurl(Urltest.java:16)
at tests.Urltest.launchurl(Urltest.java:16)
at tests.Urltest.launchurl(Urltest.java:16)
at tests.Urltest.launchurl(Urltest.java:16)
at tests.Urltest.launchurl(Urltest.java:16)
at tests.Urltest.launchurl(Urltest.java:16)
at tests.Urltest.launchurl(Urltest.java:16)
at tests.Urltest.launchurl(Urltest.java:16)
at tests.Urltest.launchurl(Urltest.java:16)
at tests.Urltest.launchurl(Urltest.java:16)
at tests.Urltest.launchurl(Urltest.java:16)
at tests.Urltest.launchurl(Urltest.java:16)
at tests.Urltest.launchurl(Urltest.java:16)
at tests.Urltest.launchurl(Urltest.java:16)
at tests.Urltest.launchurl(Urltest.java:16)
at tests.Urltest.launchurl(Urltest.java:16)
at tests.Urltest.launchurl(Urltest.java:16)
at tests.Urltest.launchurl(Urltest.java:16)
at tests.Urltest.launchurl(Urltest.java:16)
at tests.Urltest.launchurl(Urltest.java:16)
at tests.Urltest.launchurl(Urltest.java:16)
at tests.Urltest.launchurl(Urltest.java:16)
at tests.Urltest.launchurl(Urltest.java:16)
at tests.Urltest.launchurl(Urltest.java:16)
at tests.Urltest.launchurl(Urltest.java:16)
at tests.Urltest.launchurl(Urltest.java:16)
at tests.Urltest.launchurl(Urltest.java:16)
at tests.Urltest.launchurl(Urltest.java:16)
at tests.Urltest.launchurl(Urltest.java:16)
at tests.Urltest.launchurl(Urltest.java:16)
at tests.Urltest.launchurl(Urltest.java:16)
at tests.Urltest.launchurl(Urltest.java:16)
at tests.Urltest.launchurl(Urltest.java:16)
at tests.Urltest.launchurl(Urltest.java:16)
at tests.Urltest.launchurl(Urltest.java:16)
at tests.Urltest.launchurl(Urltest.java:16)
at tests.Urltest.launchurl(Urltest.java:16)
at tests.Urltest.launchurl(Urltest.java:16)
at tests.Urltest.launchurl(Urltest.java:16)
at tests.Urltest.launchurl(Urltest.java:16)
at tests.Urltest.launchurl(Urltest.java:16)
at tests.Urltest.launchurl(Urltest.java:16)
at tests.Urltest.launchurl(Urltest.java:16)
at tests.Urltest.launchurl(Urltest.java:16)
at tests.Urltest.launchurl(Urltest.java:16)
at tests.Urltest.launchurl(Urltest.java:16)
at tests.Urltest.launchurl(Urltest.java:16)
at tests.Urltest.launchurl(Urltest.java:16)
at tests.Urltest.launchurl(Urltest.java:16)
at tests.Urltest.launchurl(Urltest.java:16)
at tests.Urltest.launchurl(Urltest.java:16)
at tests.Urltest.launchurl(Urltest.java:16)
at tests.Urltest.launchurl(Urltest.java:16)
at tests.Urltest.launchurl(Urltest.java:16)
at tests.Urltest.launchurl(Urltest.java:16)
at tests.Urltest.launchurl(Urltest.java:16)
at tests.Urltest.launchurl(Urltest.java:16)
at tests.Urltest.launchurl(Urltest.java:16)
at tests.Urltest.launchurl(Urltest.java:16)
at tests.Urltest.launchurl(Urltest.java:16)
at tests.Urltest.launchurl(Urltest.java:16)
at tests.Urltest.launchurl(Urltest.java:16)
at tests.Urltest.launchurl(Urltest.java:16)
at tests.Urltest.launchurl(Urltest.java:16)
at tests.Urltest.launchurl(Urltest.java:16)
at tests.Urltest.launchurl(Urltest.java:16)
at tests.Urltest.launchurl(Urltest.java:16)
at tests.Urltest.launchurl(Urltest.java:16)
at tests.Urltest.launchurl(Urltest.java:16)
at tests.Urltest.launchurl(Urltest.java:16)
at tests.Urltest.launchurl(Urltest.java:16)
at tests.Urltest.launchurl(Urltest.java:16)
at tests.Urltest.launchurl(Urltest.java:16)
at tests.Urltest.launchurl(Urltest.java:16)
at tests.Urltest.launchurl(Urltest.java:16)
at tests.Urltest.launchurl(Urltest.java:16)
at tests.Urltest.launchurl(Urltest.java:16)
at tests.Urltest.launchurl(Urltest.java:16)
at tests.Urltest.launchurl(Urltest.java:16)
at tests.Urltest.launchurl(Urltest.java:16)
at tests.Urltest.launchurl(Urltest.java:16)
at tests.Urltest.launchurl(Urltest.java:16)
at tests.Urltest.launchurl(Urltest.java:16)
at tests.Urltest.launchurl(Urltest.java:16)
at tests.Urltest.launchurl(Urltest.java:16)
at tests.Urltest.launchurl(Urltest.java:16)
at tests.Urltest.launchurl(Urltest.java:16)
at tests.Urltest.launchurl(Urltest.java:16)
at tests.Urltest.launchurl(Urltest.java:16)
at tests.Urltest.launchurl(Urltest.java:16)
at tests.Urltest.launchurl(Urltest.java:16)
at tests.Urltest.launchurl(Urltest.java:16)
at tests.Urltest.launchurl(Urltest.java:16)
at tests.Urltest.launchurl(Urltest.java:16)
at tests.Urltest.launchurl(Urltest.java:16)
at tests.Urltest.launchurl(Urltest.java:16)
at tests.Urltest.launchurl(Urltest.java:16)
at tests.Urltest.launchurl(Urltest.java:16)
at tests.Urltest.launchurl(Urltest.java:16)
at tests.Urltest.launchurl(Urltest.java:16)
at tests.Urltest.launchurl(Urltest.java:16)
at tests.Urltest.launchurl(Urltest.java:16)
at tests.Urltest.launchurl(Urltest.java:16)
at tests.Urltest.launchurl(Urltest.java:16)
at tests.Urltest.launchurl(Urltest.java:16)
at tests.Urltest.launchurl(Urltest.java:16)
at tests.Urltest.launchurl(Urltest.java:16)
at tests.Urltest.launchurl(Urltest.java:16)
at tests.Urltest.launchurl(Urltest.java:16)
at tests.Urltest.launchurl(Urltest.java:16)
at tests.Urltest.launchurl(Urltest.java:16)
at tests.Urltest.launchurl(Urltest.java:16)
at tests.Urltest.launchurl(Urltest.java:16)
at tests.Urltest.launchurl(Urltest.java:16)
at tests.Urltest.launchurl(Urltest.java:16)
at tests.Urltest.launchurl(Urltest.java:16)
at tests.Urltest.launchurl(Urltest.java:16)
at tests.Urltest.launchurl(Urltest.java:16)
at tests.Urltest.launchurl(Urltest.java:16)
at tests.Urltest.launchurl(Urltest.java:16)
at tests.Urltest.launchurl(Urltest.java:16)
at tests.Urltest.launchurl(Urltest.java:16)
at tests.Urltest.launchurl(Urltest.java:16)
at tests.Urltest.launchurl(Urltest.java:16)
at tests.Urltest.launchurl(Urltest.java:16)
at tests.Urltest.launchurl(Urltest.java:16)
at tests.Urltest.launchurl(Urltest.java:16)
at tests.Urltest.launchurl(Urltest.java:16)
at tests.Urltest.launchurl(Urltest.java:16)
at tests.Urltest.launchurl(Urltest.java:16)
at tests.Urltest.launchurl(Urltest.java:16)
at tests.Urltest.launchurl(Urltest.java:16)
at tests.Urltest.launchurl(Urltest.java:16)
at tests.Urltest.launchurl(Urltest.java:16)
at tests.Urltest.launchurl(Urltest.java:16)
at tests.Urltest.launchurl(Urltest.java:16)
at tests.Urltest.launchurl(Urltest.java:16)
at tests.Urltest.launchurl(Urltest.java:16)
at tests.Urltest.launchurl(Urltest.java:16)
at tests.Urltest.launchurl(Urltest.java:16)
at tests.Urltest.launchurl(Urltest.java:16)
at tests.Urltest.launchurl(Urltest.java:16)
at tests.Urltest.launchurl(Urltest.java:16)
at tests.Urltest.launchurl(Urltest.java:16)
at tests.Urltest.launchurl(Urltest.java:16)
at tests.Urltest.launchurl(Urltest.java:16)
at tests.Urltest.launchurl(Urltest.java:16)
at tests.Urltest.launchurl(Urltest.java:16)
at tests.Urltest.launchurl(Urltest.java:16)
at tests.Urltest.launchurl(Urltest.java:16)
at tests.Urltest.launchurl(Urltest.java:16)
at tests.Urltest.launchurl(Urltest.java:16)
at tests.Urltest.launchurl(Urltest.java:16)
]]>
    </error>
  </testcase> <!-- launchurl -->
  <testcase classname="tests.Urltest" name="clickonclose" time="0.000">
    <skipped/>
  </testcase> <!-- clickonclose -->
</testsuite> <!-- tests.Urltest -->
